Starting multi-GPU training with 2 GPUs
Config file: /home/zjq/document/plant_seg/configs/plant_fewshot_optimized.yaml
Port: 29500
WARNING:__main__:
*****************************************
Setting OMP_NUM_THREADS environment variable for each process to be 1 in default, to avoid your system being overloaded, please further tune the variable for optimal performance in your application as needed. 
*****************************************
2025-09-14 14:35:13.518 | INFO     | __main__:main:394 - [LESION] Config loaded: path=/home/zjq/document/plant_seg/configs/plant_fewshot_optimized.yaml distill.enabled=True
2025-09-14 14:35:14.439 | INFO     | __main__:main:434 - [LESION] model.proj_head=mlp proj_mid_dim=512 proj_norm=bn proj_dropout=0.1
2025-09-14 14:35:14.439 | INFO     | __main__:main:442 - [LESION] ProjectionHead2D arch: ProjectionHead2D(
  (net): Sequential(
    (0): Conv2d(256, 512, kernel_size=(1, 1), stride=(1, 1))
    (1): BatchNorm2d(512, eps=1e-05, momentum=0.1, affine=True, track_running_stats=True)
    (2): GELU(approximate='none')
    (3): Dropout2d(p=0.1, inplace=False)
    (4): Conv2d(512, 512, kernel_size=(1, 1), stride=(1, 1))
  )
) | params=395264
2025-09-14 14:35:14.439 | INFO     | __main__:main:461 - [LESION] Distillation enabled: teacher_type=dino
2025-09-14 14:35:14.455 | INFO     | __main__:main:434 - [LESION] model.proj_head=mlp proj_mid_dim=512 proj_norm=bn proj_dropout=0.1
2025-09-14 14:35:14.456 | INFO     | __main__:main:442 - [LESION] ProjectionHead2D arch: ProjectionHead2D(
  (net): Sequential(
    (0): Conv2d(256, 512, kernel_size=(1, 1), stride=(1, 1))
    (1): BatchNorm2d(512, eps=1e-05, momentum=0.1, affine=True, track_running_stats=True)
    (2): GELU(approximate='none')
    (3): Dropout2d(p=0.1, inplace=False)
    (4): Conv2d(512, 512, kernel_size=(1, 1), stride=(1, 1))
  )
) | params=395264
2025-09-14 14:35:16.665 | INFO     | __main__:main:476 - [LESION] Debug summary -> device=cuda:1 world_size=2 train_size=1120 val_size=972 batch=8x2 num_classes=2
2025-09-14 14:35:16.665 | INFO     | __main__:main:481 - [LESION] Using DinoTeacher: backbone=vit_base_patch14_dinov2.lvd142m bank_size=256 tau=0.5
2025-09-14 14:35:16.672 | INFO     | __main__:main:577 - [LESION] Adjusted projection head out_dim from 512 -> teacher_dim 768 to avoid dim mismatch
2025-09-14 14:35:16.702 | INFO     | __main__:main:476 - [LESION] Debug summary -> device=cuda:0 world_size=2 train_size=1120 val_size=972 batch=8x2 num_classes=2
2025-09-14 14:35:16.702 | INFO     | __main__:main:481 - [LESION] Using DinoTeacher: backbone=vit_base_patch14_dinov2.lvd142m bank_size=256 tau=0.5
2025-09-14 14:35:16.706 | INFO     | __main__:main:577 - [LESION] Adjusted projection head out_dim from 512 -> teacher_dim 768 to avoid dim mismatch
/home/zjq/.conda/envs/clip/lib/python3.9/site-packages/torch/autograd/graph.py:825: UserWarning: Grad strides do not match bucket view strides. This may indicate grad was not created according to the gradient layout contract, or that the param's strides changed since DDP was constructed.  This is not an error, but may impair performance.
grad.sizes() = [2048, 1, 3, 3], strides() = [9, 1, 3, 1]
bucket_view.sizes() = [2048, 1, 3, 3], strides() = [9, 9, 3, 1] (Triggered internally at ../torch/csrc/distributed/c10d/reducer.cpp:327.)
  return Variable._execution_engine.run_backward(  # Calls into the C++ engine to run the backward pass
/home/zjq/.conda/envs/clip/lib/python3.9/site-packages/torch/autograd/graph.py:825: UserWarning: Grad strides do not match bucket view strides. This may indicate grad was not created according to the gradient layout contract, or that the param's strides changed since DDP was constructed.  This is not an error, but may impair performance.
grad.sizes() = [2048, 1, 3, 3], strides() = [9, 1, 3, 1]
bucket_view.sizes() = [2048, 1, 3, 3], strides() = [9, 9, 3, 1] (Triggered internally at ../torch/csrc/distributed/c10d/reducer.cpp:327.)
  return Variable._execution_engine.run_backward(  # Calls into the C++ engine to run the backward pass
2025-09-14 14:35:20.497 | INFO     | __main__:train_one_epoch_lesion:236 - [LESION] Epoch 0 Iter 0/70 lr=1.00000e-05 loss=1.9190 ce=0.7141 dice=0.5415 g=2.0752 l=0.9995 wg=0.000 wl=0.698 posfrac=0.2276
2025-09-14 14:35:42.471 | INFO     | __main__:train_one_epoch_lesion:236 - [LESION] Epoch 0 Iter 69/70 lr=9.93788e-06 loss=1.7889 ce=0.6119 dice=0.4565 g=5.0830 l=0.9510 wg=0.000 wl=0.791 posfrac=0.2382
2025-09-14 14:35:44.777 | INFO     | __main__:train_one_epoch_lesion:236 - [LESION] Epoch 1 Iter 0/70 lr=9.93698e-06 loss=1.6466 ce=0.5334 dice=0.4059 g=5.5644 l=0.9189 wg=0.000 wl=0.797 posfrac=0.2078
2025-09-14 14:36:06.701 | INFO     | __main__:train_one_epoch_lesion:236 - [LESION] Epoch 1 Iter 69/70 lr=9.87481e-06 loss=1.4885 ce=0.4990 dice=0.3464 g=5.5413 l=0.8436 wg=0.000 wl=0.798 posfrac=0.2322
2025-09-14 14:36:13.414 | INFO     | __main__:main:612 - [LESION] Val Dice(lesion)=0.6737 | mIoU(2cls)=0.6699 | IoU_per_class=[0.8318, 0.5080] @ epoch 1
2025-09-14 14:36:13.414 | INFO     | __main__:main:615 - [LESION][Diag] IoU1=0.5080 | Prec1=0.6303 | Rec1=0.7236 | IoU1|pos=0.5080 | p(pos|lesion)=0.719 | p(pos|bg)=0.230 | lesion_imgs=486/972
2025-09-14 14:36:15.533 | INFO     | __main__:train_one_epoch_lesion:236 - [LESION] Epoch 2 Iter 0/70 lr=9.87391e-06 loss=1.4658 ce=0.4714 dice=0.3685 g=5.5487 l=0.8093 wg=0.000 wl=0.799 posfrac=0.1686
2025-09-14 14:36:38.046 | INFO     | __main__:train_one_epoch_lesion:236 - [LESION] Epoch 2 Iter 69/70 lr=9.81170e-06 loss=1.2851 ce=0.4239 dice=0.2854 g=5.5311 l=0.7552 wg=0.000 wl=0.799 posfrac=0.2436
2025-09-14 14:36:39.446 | INFO     | __main__:train_one_epoch_lesion:236 - [LESION] Epoch 3 Iter 0/70 lr=9.81080e-06 loss=0.8935 ce=0.2034 dice=0.1493 g=5.4781 l=0.6900 wg=0.000 wl=0.800 posfrac=0.3445
2025-09-14 14:37:01.208 | INFO     | __main__:train_one_epoch_lesion:236 - [LESION] Epoch 3 Iter 69/70 lr=9.74855e-06 loss=1.1828 ce=0.3859 dice=0.2651 g=5.5263 l=0.6953 wg=0.000 wl=0.800 posfrac=0.2441
2025-09-14 14:37:08.770 | INFO     | __main__:main:612 - [LESION] Val Dice(lesion)=0.6977 | mIoU(2cls)=0.6982 | IoU_per_class=[0.8606, 0.5357] @ epoch 3
2025-09-14 14:37:08.770 | INFO     | __main__:main:615 - [LESION][Diag] IoU1=0.5357 | Prec1=0.7190 | Rec1=0.6776 | IoU1|pos=0.5357 | p(pos|lesion)=0.693 | p(pos|bg)=0.157 | lesion_imgs=486/972
2025-09-14 14:37:10.868 | INFO     | __main__:train_one_epoch_lesion:236 - [LESION] Epoch 4 Iter 0/70 lr=9.74764e-06 loss=1.0554 ce=0.2872 dice=0.2901 g=5.4694 l=0.5969 wg=0.000 wl=0.800 posfrac=0.1286
2025-09-14 14:37:34.653 | INFO     | __main__:train_one_epoch_lesion:236 - [LESION] Epoch 4 Iter 69/70 lr=9.68534e-06 loss=1.1211 ce=0.3717 dice=0.2549 g=5.5216 l=0.6474 wg=0.000 wl=0.800 posfrac=0.2251
2025-09-14 14:37:36.095 | INFO     | __main__:train_one_epoch_lesion:236 - [LESION] Epoch 5 Iter 0/70 lr=9.68444e-06 loss=1.1441 ce=0.3656 dice=0.2841 g=5.5140 l=0.6385 wg=0.000 wl=0.800 posfrac=0.2099
2025-09-14 14:37:58.621 | INFO     | __main__:train_one_epoch_lesion:236 - [LESION] Epoch 5 Iter 69/70 lr=9.62210e-06 loss=1.0398 ce=0.3412 dice=0.2281 g=5.5217 l=0.6165 wg=0.000 wl=0.800 posfrac=0.2421
2025-09-14 14:38:05.337 | INFO     | __main__:main:612 - [LESION] Val Dice(lesion)=0.7089 | mIoU(2cls)=0.7098 | IoU_per_class=[0.8704, 0.5491] @ epoch 5
2025-09-14 14:38:05.337 | INFO     | __main__:main:615 - [LESION][Diag] IoU1=0.5491 | Prec1=0.7571 | Rec1=0.6665 | IoU1|pos=0.5491 | p(pos|lesion)=0.681 | p(pos|bg)=0.114 | lesion_imgs=486/972
2025-09-14 14:38:08.525 | INFO     | __main__:train_one_epoch_lesion:236 - [LESION] Epoch 6 Iter 0/70 lr=9.62119e-06 loss=0.9709 ce=0.3247 dice=0.2148 g=5.5412 l=0.5668 wg=0.000 wl=0.800 posfrac=0.3075
2025-09-14 14:38:30.912 | INFO     | __main__:train_one_epoch_lesion:236 - [LESION] Epoch 6 Iter 69/70 lr=9.55880e-06 loss=1.0063 ce=0.3354 dice=0.2224 g=5.5099 l=0.5891 wg=0.000 wl=0.800 posfrac=0.2450
2025-09-14 14:38:33.082 | INFO     | __main__:train_one_epoch_lesion:236 - [LESION] Epoch 7 Iter 0/70 lr=9.55790e-06 loss=0.8828 ce=0.2691 dice=0.2015 g=5.5433 l=0.5321 wg=0.000 wl=0.800 posfrac=0.2165
2025-09-14 14:38:54.859 | INFO     | __main__:train_one_epoch_lesion:236 - [LESION] Epoch 7 Iter 69/70 lr=9.49546e-06 loss=0.9593 ce=0.2947 dice=0.2147 g=5.5213 l=0.5824 wg=0.000 wl=0.800 posfrac=0.2399
2025-09-14 14:39:01.815 | INFO     | __main__:main:612 - [LESION] Val Dice(lesion)=0.7299 | mIoU(2cls)=0.7189 | IoU_per_class=[0.8631, 0.5747] @ epoch 7
2025-09-14 14:39:01.815 | INFO     | __main__:main:615 - [LESION][Diag] IoU1=0.5747 | Prec1=0.6989 | Rec1=0.7638 | IoU1|pos=0.5747 | p(pos|lesion)=0.767 | p(pos|bg)=0.145 | lesion_imgs=486/972
2025-09-14 14:39:03.693 | INFO     | __main__:train_one_epoch_lesion:236 - [LESION] Epoch 8 Iter 0/70 lr=9.49456e-06 loss=0.7104 ce=0.1608 dice=0.1550 g=5.4820 l=0.4947 wg=0.000 wl=0.800 posfrac=0.2072
2025-09-14 14:39:26.631 | INFO     | __main__:train_one_epoch_lesion:236 - [LESION] Epoch 8 Iter 69/70 lr=9.43208e-06 loss=0.9536 ce=0.3157 dice=0.2075 g=5.4994 l=0.5651 wg=0.000 wl=0.800 posfrac=0.2482
2025-09-14 14:39:28.345 | INFO     | __main__:train_one_epoch_lesion:236 - [LESION] Epoch 9 Iter 0/70 lr=9.43117e-06 loss=0.7674 ce=0.2422 dice=0.1416 g=5.5806 l=0.5047 wg=0.000 wl=0.800 posfrac=0.3005
2025-09-14 14:39:51.902 | INFO     | __main__:train_one_epoch_lesion:236 - [LESION] Epoch 9 Iter 69/70 lr=9.36864e-06 loss=0.9129 ce=0.2870 dice=0.2010 g=5.5177 l=0.5526 wg=0.000 wl=0.800 posfrac=0.2462
2025-09-14 14:39:58.458 | INFO     | __main__:main:612 - [LESION] Val Dice(lesion)=0.7304 | mIoU(2cls)=0.7227 | IoU_per_class=[0.8701, 0.5753] @ epoch 9
2025-09-14 14:39:58.459 | INFO     | __main__:main:615 - [LESION][Diag] IoU1=0.5753 | Prec1=0.7289 | Rec1=0.7319 | IoU1|pos=0.5753 | p(pos|lesion)=0.736 | p(pos|bg)=0.115 | lesion_imgs=486/972
2025-09-14 14:40:00.560 | INFO     | __main__:train_one_epoch_lesion:236 - [LESION] Epoch 10 Iter 0/70 lr=9.36774e-06 loss=0.9543 ce=0.3281 dice=0.2061 g=5.5061 l=0.5557 wg=0.000 wl=0.800 posfrac=0.3019
2025-09-14 14:40:22.735 | INFO     | __main__:train_one_epoch_lesion:236 - [LESION] Epoch 10 Iter 69/70 lr=9.30516e-06 loss=0.9164 ce=0.2909 dice=0.2089 g=5.5035 l=0.5414 wg=0.000 wl=0.800 posfrac=0.2198
2025-09-14 14:40:25.546 | INFO     | __main__:train_one_epoch_lesion:236 - [LESION] Epoch 11 Iter 0/70 lr=9.30425e-06 loss=0.7423 ce=0.2067 dice=0.1528 g=5.5129 l=0.4920 wg=0.000 wl=0.800 posfrac=0.2742
2025-09-14 14:40:47.984 | INFO     | __main__:train_one_epoch_lesion:236 - [LESION] Epoch 11 Iter 69/70 lr=9.24163e-06 loss=0.8758 ce=0.2710 dice=0.1947 g=5.5108 l=0.5317 wg=0.000 wl=0.800 posfrac=0.2365
2025-09-14 14:40:54.487 | INFO     | __main__:main:612 - [LESION] Val Dice(lesion)=0.7357 | mIoU(2cls)=0.7283 | IoU_per_class=[0.8747, 0.5820] @ epoch 11
2025-09-14 14:40:54.487 | INFO     | __main__:main:615 - [LESION][Diag] IoU1=0.5820 | Prec1=0.7451 | Rec1=0.7266 | IoU1|pos=0.5820 | p(pos|lesion)=0.728 | p(pos|bg)=0.104 | lesion_imgs=486/972
2025-09-14 14:40:56.575 | INFO     | __main__:train_one_epoch_lesion:236 - [LESION] Epoch 12 Iter 0/70 lr=9.24072e-06 loss=0.8896 ce=0.2745 dice=0.2020 g=5.4966 l=0.5346 wg=0.000 wl=0.800 posfrac=0.2011
2025-09-14 14:41:19.733 | INFO     | __main__:train_one_epoch_lesion:236 - [LESION] Epoch 12 Iter 69/70 lr=9.17805e-06 loss=0.8797 ce=0.2786 dice=0.1962 g=5.5039 l=0.5267 wg=0.000 wl=0.800 posfrac=0.2348
2025-09-14 14:41:21.219 | INFO     | __main__:train_one_epoch_lesion:236 - [LESION] Epoch 13 Iter 0/70 lr=9.17714e-06 loss=0.7761 ce=0.2146 dice=0.1997 g=5.5098 l=0.4561 wg=0.000 wl=0.800 posfrac=0.1571
2025-09-14 14:41:43.356 | INFO     | __main__:train_one_epoch_lesion:236 - [LESION] Epoch 13 Iter 69/70 lr=9.11442e-06 loss=0.8565 ce=0.2712 dice=0.1871 g=5.5075 l=0.5188 wg=0.000 wl=0.800 posfrac=0.2441
2025-09-14 14:41:50.476 | INFO     | __main__:main:612 - [LESION] Val Dice(lesion)=0.7250 | mIoU(2cls)=0.7218 | IoU_per_class=[0.8750, 0.5686] @ epoch 13
2025-09-14 14:41:50.476 | INFO     | __main__:main:615 - [LESION][Diag] IoU1=0.5686 | Prec1=0.7614 | Rec1=0.6919 | IoU1|pos=0.5686 | p(pos|lesion)=0.693 | p(pos|bg)=0.087 | lesion_imgs=486/972
2025-09-14 14:41:52.483 | INFO     | __main__:train_one_epoch_lesion:236 - [LESION] Epoch 14 Iter 0/70 lr=9.11351e-06 loss=0.9225 ce=0.2707 dice=0.2664 g=5.5718 l=0.4828 wg=0.000 wl=0.800 posfrac=0.1088
2025-09-14 14:42:14.634 | INFO     | __main__:train_one_epoch_lesion:236 - [LESION] Epoch 14 Iter 69/70 lr=9.05075e-06 loss=0.8201 ce=0.2430 dice=0.1787 g=5.4929 l=0.5142 wg=0.000 wl=0.800 posfrac=0.2310
2025-09-14 14:42:16.300 | INFO     | __main__:train_one_epoch_lesion:236 - [LESION] Epoch 15 Iter 0/70 lr=9.04984e-06 loss=0.8739 ce=0.2621 dice=0.2359 g=5.4900 l=0.4765 wg=0.000 wl=0.800 posfrac=0.1585
2025-09-14 14:42:38.895 | INFO     | __main__:train_one_epoch_lesion:236 - [LESION] Epoch 15 Iter 69/70 lr=8.98702e-06 loss=0.7961 ce=0.2379 dice=0.1732 g=5.4922 l=0.4975 wg=0.000 wl=0.800 posfrac=0.2378
2025-09-14 14:42:45.614 | INFO     | __main__:main:612 - [LESION] Val Dice(lesion)=0.7352 | mIoU(2cls)=0.7279 | IoU_per_class=[0.8746, 0.5813] @ epoch 15
2025-09-14 14:42:45.614 | INFO     | __main__:main:615 - [LESION][Diag] IoU1=0.5813 | Prec1=0.7456 | Rec1=0.7251 | IoU1|pos=0.5813 | p(pos|lesion)=0.725 | p(pos|bg)=0.097 | lesion_imgs=486/972
2025-09-14 14:42:47.004 | INFO     | __main__:train_one_epoch_lesion:236 - [LESION] Epoch 16 Iter 0/70 lr=8.98611e-06 loss=0.6226 ce=0.1551 dice=0.1019 g=5.5104 l=0.4703 wg=0.000 wl=0.800 posfrac=0.2941
2025-09-14 14:43:09.930 | INFO     | __main__:train_one_epoch_lesion:236 - [LESION] Epoch 16 Iter 69/70 lr=8.92324e-06 loss=0.7933 ce=0.2403 dice=0.1678 g=5.4904 l=0.4997 wg=0.000 wl=0.800 posfrac=0.2528
2025-09-14 14:43:11.473 | INFO     | __main__:train_one_epoch_lesion:236 - [LESION] Epoch 17 Iter 0/70 lr=8.92233e-06 loss=0.6796 ce=0.2070 dice=0.1124 g=5.4556 l=0.4739 wg=0.000 wl=0.800 posfrac=0.3030
2025-09-14 14:43:33.416 | INFO     | __main__:train_one_epoch_lesion:236 - [LESION] Epoch 17 Iter 69/70 lr=8.85941e-06 loss=0.8033 ce=0.2417 dice=0.1775 g=5.4852 l=0.4963 wg=0.000 wl=0.800 posfrac=0.2359
2025-09-14 14:43:40.278 | INFO     | __main__:main:612 - [LESION] Val Dice(lesion)=0.7278 | mIoU(2cls)=0.7238 | IoU_per_class=[0.8755, 0.5721] @ epoch 17
2025-09-14 14:43:40.278 | INFO     | __main__:main:615 - [LESION][Diag] IoU1=0.5721 | Prec1=0.7601 | Rec1=0.6981 | IoU1|pos=0.5721 | p(pos|lesion)=0.700 | p(pos|bg)=0.085 | lesion_imgs=486/972
2025-09-14 14:43:41.501 | INFO     | __main__:train_one_epoch_lesion:236 - [LESION] Epoch 18 Iter 0/70 lr=8.85850e-06 loss=0.8332 ce=0.2455 dice=0.2253 g=5.4742 l=0.4581 wg=0.000 wl=0.800 posfrac=0.1540
2025-09-14 14:44:04.719 | INFO     | __main__:train_one_epoch_lesion:236 - [LESION] Epoch 18 Iter 69/70 lr=8.79554e-06 loss=0.7445 ce=0.2077 dice=0.1567 g=5.4891 l=0.4879 wg=0.000 wl=0.800 posfrac=0.2389
2025-09-14 14:44:06.211 | INFO     | __main__:train_one_epoch_lesion:236 - [LESION] Epoch 19 Iter 0/70 lr=8.79462e-06 loss=0.6942 ce=0.1976 dice=0.1501 g=5.5069 l=0.4449 wg=0.000 wl=0.800 posfrac=0.2652
2025-09-14 14:44:29.005 | INFO     | __main__:train_one_epoch_lesion:236 - [LESION] Epoch 19 Iter 69/70 lr=8.73160e-06 loss=0.7742 ce=0.2227 dice=0.1714 g=5.4838 l=0.4879 wg=0.000 wl=0.800 posfrac=0.2189
2025-09-14 14:44:36.885 | INFO     | __main__:main:612 - [LESION] Val Dice(lesion)=0.7376 | mIoU(2cls)=0.7285 | IoU_per_class=[0.8728, 0.5842] @ epoch 19
2025-09-14 14:44:36.885 | INFO     | __main__:main:615 - [LESION][Diag] IoU1=0.5842 | Prec1=0.7337 | Rec1=0.7415 | IoU1|pos=0.5842 | p(pos|lesion)=0.737 | p(pos|bg)=0.098 | lesion_imgs=486/972
2025-09-14 14:44:39.008 | INFO     | __main__:train_one_epoch_lesion:236 - [LESION] Epoch 20 Iter 0/70 lr=8.73069e-06 loss=0.6802 ce=0.1625 dice=0.1150 g=5.5315 l=0.5154 wg=0.000 wl=0.800 posfrac=0.2977
2025-09-14 14:45:00.999 | INFO     | __main__:train_one_epoch_lesion:236 - [LESION] Epoch 20 Iter 69/70 lr=8.66762e-06 loss=0.7583 ce=0.2207 dice=0.1612 g=5.4811 l=0.4853 wg=0.000 wl=0.800 posfrac=0.2329
2025-09-14 14:45:02.733 | INFO     | __main__:train_one_epoch_lesion:236 - [LESION] Epoch 21 Iter 0/70 lr=8.66671e-06 loss=0.6917 ce=0.1648 dice=0.1749 g=5.4452 l=0.4374 wg=0.000 wl=0.800 posfrac=0.1508
2025-09-14 14:45:25.376 | INFO     | __main__:train_one_epoch_lesion:236 - [LESION] Epoch 21 Iter 69/70 lr=8.60359e-06 loss=0.7480 ce=0.2139 dice=0.1617 g=5.4698 l=0.4786 wg=0.000 wl=0.800 posfrac=0.2393
2025-09-14 14:45:32.223 | INFO     | __main__:main:612 - [LESION] Val Dice(lesion)=0.7407 | mIoU(2cls)=0.7316 | IoU_per_class=[0.8749, 0.5882] @ epoch 21
2025-09-14 14:45:32.224 | INFO     | __main__:main:615 - [LESION][Diag] IoU1=0.5882 | Prec1=0.7399 | Rec1=0.7415 | IoU1|pos=0.5882 | p(pos|lesion)=0.739 | p(pos|bg)=0.089 | lesion_imgs=486/972
2025-09-14 14:45:34.117 | INFO     | __main__:train_one_epoch_lesion:236 - [LESION] Epoch 22 Iter 0/70 lr=8.60267e-06 loss=0.6809 ce=0.1753 dice=0.1162 g=5.4963 l=0.5016 wg=0.000 wl=0.800 posfrac=0.2795
2025-09-14 14:45:56.589 | INFO     | __main__:train_one_epoch_lesion:236 - [LESION] Epoch 22 Iter 69/70 lr=8.53950e-06 loss=0.7407 ce=0.2119 dice=0.1557 g=5.4715 l=0.4803 wg=0.000 wl=0.800 posfrac=0.2361
2025-09-14 14:45:58.089 | INFO     | __main__:train_one_epoch_lesion:236 - [LESION] Epoch 23 Iter 0/70 lr=8.53858e-06 loss=0.6562 ce=0.1719 dice=0.1535 g=5.3196 l=0.4182 wg=0.000 wl=0.800 posfrac=0.1817
2025-09-14 14:46:19.996 | INFO     | __main__:train_one_epoch_lesion:236 - [LESION] Epoch 23 Iter 69/70 lr=8.47536e-06 loss=0.7206 ce=0.2063 dice=0.1525 g=5.4599 l=0.4657 wg=0.000 wl=0.800 posfrac=0.2453
2025-09-14 14:46:26.544 | INFO     | __main__:main:612 - [LESION] Val Dice(lesion)=0.7407 | mIoU(2cls)=0.7329 | IoU_per_class=[0.8777, 0.5882] @ epoch 23
2025-09-14 14:46:26.544 | INFO     | __main__:main:615 - [LESION][Diag] IoU1=0.5882 | Prec1=0.7545 | Rec1=0.7274 | IoU1|pos=0.5882 | p(pos|lesion)=0.724 | p(pos|bg)=0.084 | lesion_imgs=486/972
2025-09-14 14:46:27.933 | INFO     | __main__:train_one_epoch_lesion:236 - [LESION] Epoch 24 Iter 0/70 lr=8.47444e-06 loss=0.7065 ce=0.2241 dice=0.1338 g=5.4321 l=0.4583 wg=0.000 wl=0.800 posfrac=0.3007
2025-09-14 14:46:53.505 | INFO     | __main__:train_one_epoch_lesion:236 - [LESION] Epoch 24 Iter 69/70 lr=8.41116e-06 loss=0.7399 ce=0.2192 dice=0.1555 g=5.4616 l=0.4724 wg=0.000 wl=0.800 posfrac=0.2469
2025-09-14 14:46:55.045 | INFO     | __main__:train_one_epoch_lesion:236 - [LESION] Epoch 25 Iter 0/70 lr=8.41024e-06 loss=0.6253 ce=0.1265 dice=0.1017 g=5.4151 l=0.5025 wg=0.000 wl=0.800 posfrac=0.2315
2025-09-14 14:47:18.276 | INFO     | __main__:train_one_epoch_lesion:236 - [LESION] Epoch 25 Iter 69/70 lr=8.34691e-06 loss=0.7179 ce=0.2075 dice=0.1482 g=5.4582 l=0.4677 wg=0.000 wl=0.800 posfrac=0.2463
2025-09-14 14:47:24.955 | INFO     | __main__:main:612 - [LESION] Val Dice(lesion)=0.7361 | mIoU(2cls)=0.7316 | IoU_per_class=[0.8808, 0.5824] @ epoch 25
2025-09-14 14:47:24.956 | INFO     | __main__:main:615 - [LESION][Diag] IoU1=0.5824 | Prec1=0.7793 | Rec1=0.6974 | IoU1|pos=0.5824 | p(pos|lesion)=0.696 | p(pos|bg)=0.071 | lesion_imgs=486/972
2025-09-14 14:47:27.135 | INFO     | __main__:train_one_epoch_lesion:236 - [LESION] Epoch 26 Iter 0/70 lr=8.34599e-06 loss=0.8229 ce=0.2950 dice=0.1830 g=5.3141 l=0.4591 wg=0.000 wl=0.800 posfrac=0.2316
2025-09-14 14:47:49.079 | INFO     | __main__:train_one_epoch_lesion:236 - [LESION] Epoch 26 Iter 69/70 lr=8.28261e-06 loss=0.7041 ce=0.2023 dice=0.1437 g=5.4500 l=0.4623 wg=0.000 wl=0.800 posfrac=0.2428
2025-09-14 14:47:51.455 | INFO     | __main__:train_one_epoch_lesion:236 - [LESION] Epoch 27 Iter 0/70 lr=8.28169e-06 loss=0.5484 ce=0.1411 dice=0.0844 g=5.3705 l=0.4178 wg=0.000 wl=0.800 posfrac=0.3383
2025-09-14 14:48:14.070 | INFO     | __main__:train_one_epoch_lesion:236 - [LESION] Epoch 27 Iter 69/70 lr=8.21824e-06 loss=0.7009 ce=0.2051 dice=0.1448 g=5.4494 l=0.4539 wg=0.000 wl=0.800 posfrac=0.2481
2025-09-14 14:48:20.925 | INFO     | __main__:main:612 - [LESION] Val Dice(lesion)=0.7434 | mIoU(2cls)=0.7356 | IoU_per_class=[0.8796, 0.5916] @ epoch 27
2025-09-14 14:48:20.925 | INFO     | __main__:main:615 - [LESION][Diag] IoU1=0.5916 | Prec1=0.7615 | Rec1=0.7262 | IoU1|pos=0.5916 | p(pos|lesion)=0.722 | p(pos|bg)=0.076 | lesion_imgs=486/972
2025-09-14 14:48:22.888 | INFO     | __main__:train_one_epoch_lesion:236 - [LESION] Epoch 28 Iter 0/70 lr=8.21732e-06 loss=0.7682 ce=0.2288 dice=0.1552 g=5.4910 l=0.4987 wg=0.000 wl=0.800 posfrac=0.2039
2025-09-14 14:48:45.615 | INFO     | __main__:train_one_epoch_lesion:236 - [LESION] Epoch 28 Iter 69/70 lr=8.15383e-06 loss=0.6860 ce=0.1904 dice=0.1419 g=5.4438 l=0.4543 wg=0.000 wl=0.800 posfrac=0.2397
2025-09-14 14:48:48.107 | INFO     | __main__:train_one_epoch_lesion:236 - [LESION] Epoch 29 Iter 0/70 lr=8.15291e-06 loss=0.6370 ce=0.1733 dice=0.1386 g=5.4698 l=0.4151 wg=0.000 wl=0.800 posfrac=0.1675
2025-09-14 14:49:10.073 | INFO     | __main__:train_one_epoch_lesion:236 - [LESION] Epoch 29 Iter 69/70 lr=8.08935e-06 loss=0.6633 ce=0.1823 dice=0.1350 g=5.4467 l=0.4443 wg=0.000 wl=0.800 posfrac=0.2374
2025-09-14 14:49:17.465 | INFO     | __main__:main:612 - [LESION] Val Dice(lesion)=0.7376 | mIoU(2cls)=0.7314 | IoU_per_class=[0.8786, 0.5843] @ epoch 29
2025-09-14 14:49:17.465 | INFO     | __main__:main:615 - [LESION][Diag] IoU1=0.5843 | Prec1=0.7643 | Rec1=0.7126 | IoU1|pos=0.5843 | p(pos|lesion)=0.709 | p(pos|bg)=0.076 | lesion_imgs=486/972
2025-09-14 14:49:19.185 | INFO     | __main__:train_one_epoch_lesion:236 - [LESION] Epoch 30 Iter 0/70 lr=8.08843e-06 loss=0.6550 ce=0.2033 dice=0.1198 g=5.3190 l=0.4358 wg=0.000 wl=0.800 posfrac=0.3395
2025-09-14 14:49:41.020 | INFO     | __main__:train_one_epoch_lesion:236 - [LESION] Epoch 30 Iter 69/70 lr=8.02482e-06 loss=0.6933 ce=0.1951 dice=0.1507 g=5.4286 l=0.4454 wg=0.000 wl=0.800 posfrac=0.2210
2025-09-14 14:49:43.448 | INFO     | __main__:train_one_epoch_lesion:236 - [LESION] Epoch 31 Iter 0/70 lr=8.02390e-06 loss=0.6340 ce=0.2141 dice=0.1221 g=5.2834 l=0.3952 wg=0.000 wl=0.800 posfrac=0.3384
2025-09-14 14:50:05.762 | INFO     | __main__:train_one_epoch_lesion:236 - [LESION] Epoch 31 Iter 69/70 lr=7.96024e-06 loss=0.6738 ce=0.1862 dice=0.1403 g=5.4355 l=0.4456 wg=0.000 wl=0.800 posfrac=0.2374
2025-09-14 14:50:12.544 | INFO     | __main__:main:612 - [LESION] Val Dice(lesion)=0.7238 | mIoU(2cls)=0.7242 | IoU_per_class=[0.8812, 0.5672] @ epoch 31
2025-09-14 14:50:12.544 | INFO     | __main__:main:615 - [LESION][Diag] IoU1=0.5672 | Prec1=0.8030 | Rec1=0.6588 | IoU1|pos=0.5672 | p(pos|lesion)=0.657 | p(pos|bg)=0.055 | lesion_imgs=486/972
2025-09-14 14:50:14.860 | INFO     | __main__:train_one_epoch_lesion:236 - [LESION] Epoch 32 Iter 0/70 lr=7.95931e-06 loss=0.7603 ce=0.2034 dice=0.1571 g=5.5346 l=0.5112 wg=0.000 wl=0.800 posfrac=0.2189
2025-09-14 14:50:37.150 | INFO     | __main__:train_one_epoch_lesion:236 - [LESION] Epoch 32 Iter 69/70 lr=7.89559e-06 loss=0.6796 ce=0.1868 dice=0.1455 g=5.4340 l=0.4443 wg=0.000 wl=0.800 posfrac=0.2304
2025-09-14 14:50:38.782 | INFO     | __main__:train_one_epoch_lesion:236 - [LESION] Epoch 33 Iter 0/70 lr=7.89466e-06 loss=0.5056 ce=0.0870 dice=0.0973 g=5.4017 l=0.3992 wg=0.000 wl=0.800 posfrac=0.1610
2025-09-14 14:51:00.589 | INFO     | __main__:train_one_epoch_lesion:236 - [LESION] Epoch 33 Iter 69/70 lr=7.83088e-06 loss=0.6715 ce=0.1820 dice=0.1390 g=5.4289 l=0.4489 wg=0.000 wl=0.800 posfrac=0.2289
2025-09-14 14:51:07.228 | INFO     | __main__:main:612 - [LESION] Val Dice(lesion)=0.7466 | mIoU(2cls)=0.7367 | IoU_per_class=[0.8778, 0.5956] @ epoch 33
2025-09-14 14:51:07.229 | INFO     | __main__:main:615 - [LESION][Diag] IoU1=0.5956 | Prec1=0.7472 | Rec1=0.7460 | IoU1|pos=0.5956 | p(pos|lesion)=0.737 | p(pos|bg)=0.081 | lesion_imgs=486/972
2025-09-14 14:51:09.588 | INFO     | __main__:train_one_epoch_lesion:236 - [LESION] Epoch 34 Iter 0/70 lr=7.82996e-06 loss=0.5677 ce=0.1215 dice=0.0989 g=5.4819 l=0.4398 wg=0.000 wl=0.800 posfrac=0.2133
2025-09-14 14:51:32.380 | INFO     | __main__:train_one_epoch_lesion:236 - [LESION] Epoch 34 Iter 69/70 lr=7.76612e-06 loss=0.6537 ce=0.1819 dice=0.1340 g=5.4116 l=0.4344 wg=0.000 wl=0.800 posfrac=0.2439
2025-09-14 14:51:34.420 | INFO     | __main__:train_one_epoch_lesion:236 - [LESION] Epoch 35 Iter 0/70 lr=7.76519e-06 loss=0.7928 ce=0.1993 dice=0.1883 g=5.4953 l=0.5093 wg=0.000 wl=0.800 posfrac=0.1553
2025-09-14 14:51:56.414 | INFO     | __main__:train_one_epoch_lesion:236 - [LESION] Epoch 35 Iter 69/70 lr=7.70129e-06 loss=0.6677 ce=0.1860 dice=0.1416 g=5.4175 l=0.4362 wg=0.000 wl=0.800 posfrac=0.2244
2025-09-14 14:52:03.853 | INFO     | __main__:main:612 - [LESION] Val Dice(lesion)=0.7525 | mIoU(2cls)=0.7388 | IoU_per_class=[0.8744, 0.6032] @ epoch 35
2025-09-14 14:52:03.853 | INFO     | __main__:main:615 - [LESION][Diag] IoU1=0.6032 | Prec1=0.7233 | Rec1=0.7842 | IoU1|pos=0.6032 | p(pos|lesion)=0.773 | p(pos|bg)=0.093 | lesion_imgs=486/972
2025-09-14 14:52:05.620 | INFO     | __main__:train_one_epoch_lesion:236 - [LESION] Epoch 36 Iter 0/70 lr=7.70037e-06 loss=0.5535 ce=0.1345 dice=0.1052 g=5.4032 l=0.3996 wg=0.000 wl=0.800 posfrac=0.2091
2025-09-14 14:52:27.558 | INFO     | __main__:train_one_epoch_lesion:236 - [LESION] Epoch 36 Iter 69/70 lr=7.63641e-06 loss=0.6647 ce=0.1842 dice=0.1404 g=5.4241 l=0.4360 wg=0.000 wl=0.800 posfrac=0.2175
2025-09-14 14:52:29.623 | INFO     | __main__:train_one_epoch_lesion:236 - [LESION] Epoch 37 Iter 0/70 lr=7.63548e-06 loss=0.7420 ce=0.1805 dice=0.2074 g=5.4058 l=0.4358 wg=0.000 wl=0.800 posfrac=0.1281
2025-09-14 14:52:53.117 | INFO     | __main__:train_one_epoch_lesion:236 - [LESION] Epoch 37 Iter 69/70 lr=7.57146e-06 loss=0.6389 ce=0.1762 dice=0.1269 g=5.4145 l=0.4321 wg=0.000 wl=0.800 posfrac=0.2451
2025-09-14 14:52:59.628 | INFO     | __main__:main:612 - [LESION] Val Dice(lesion)=0.7485 | mIoU(2cls)=0.7376 | IoU_per_class=[0.8772, 0.5981] @ epoch 37
2025-09-14 14:52:59.628 | INFO     | __main__:main:615 - [LESION][Diag] IoU1=0.5981 | Prec1=0.7414 | Rec1=0.7558 | IoU1|pos=0.5981 | p(pos|lesion)=0.745 | p(pos|bg)=0.082 | lesion_imgs=486/972
2025-09-14 14:53:01.308 | INFO     | __main__:train_one_epoch_lesion:236 - [LESION] Epoch 38 Iter 0/70 lr=7.57053e-06 loss=0.8431 ce=0.2799 dice=0.1948 g=5.4014 l=0.4817 wg=0.000 wl=0.800 posfrac=0.1879
2025-09-14 14:53:24.189 | INFO     | __main__:train_one_epoch_lesion:236 - [LESION] Epoch 38 Iter 69/70 lr=7.50645e-06 loss=0.6455 ce=0.1780 dice=0.1333 g=5.4013 l=0.4291 wg=0.000 wl=0.800 posfrac=0.2309
2025-09-14 14:53:26.300 | INFO     | __main__:train_one_epoch_lesion:236 - [LESION] Epoch 39 Iter 0/70 lr=7.50552e-06 loss=0.6652 ce=0.1785 dice=0.1548 g=5.4032 l=0.4207 wg=0.000 wl=0.800 posfrac=0.2048
2025-09-14 14:53:48.142 | INFO     | __main__:train_one_epoch_lesion:236 - [LESION] Epoch 39 Iter 69/70 lr=7.44138e-06 loss=0.6357 ce=0.1722 dice=0.1312 g=5.4042 l=0.4258 wg=0.000 wl=0.800 posfrac=0.2243
2025-09-14 14:53:55.103 | INFO     | __main__:main:612 - [LESION] Val Dice(lesion)=0.7423 | mIoU(2cls)=0.7369 | IoU_per_class=[0.8836, 0.5902] @ epoch 39
2025-09-14 14:53:55.103 | INFO     | __main__:main:615 - [LESION][Diag] IoU1=0.5902 | Prec1=0.7875 | Rec1=0.7020 | IoU1|pos=0.5902 | p(pos|lesion)=0.697 | p(pos|bg)=0.064 | lesion_imgs=486/972
2025-09-14 14:53:57.529 | INFO     | __main__:train_one_epoch_lesion:236 - [LESION] Epoch 40 Iter 0/70 lr=7.44045e-06 loss=0.6638 ce=0.2034 dice=0.1080 g=5.4823 l=0.4644 wg=0.000 wl=0.800 posfrac=0.3561
2025-09-14 14:54:20.553 | INFO     | __main__:train_one_epoch_lesion:236 - [LESION] Epoch 40 Iter 69/70 lr=7.37625e-06 loss=0.6380 ce=0.1765 dice=0.1300 g=5.3939 l=0.4259 wg=0.000 wl=0.800 posfrac=0.2379
2025-09-14 14:54:22.561 | INFO     | __main__:train_one_epoch_lesion:236 - [LESION] Epoch 41 Iter 0/70 lr=7.37532e-06 loss=0.6520 ce=0.1424 dice=0.1279 g=5.4886 l=0.4808 wg=0.000 wl=0.800 posfrac=0.1609
2025-09-14 14:54:45.180 | INFO     | __main__:train_one_epoch_lesion:236 - [LESION] Epoch 41 Iter 69/70 lr=7.31105e-06 loss=0.6518 ce=0.1871 dice=0.1314 g=5.4048 l=0.4307 wg=0.000 wl=0.800 posfrac=0.2403
2025-09-14 14:54:51.736 | INFO     | __main__:main:612 - [LESION] Val Dice(lesion)=0.7469 | mIoU(2cls)=0.7381 | IoU_per_class=[0.8800, 0.5961] @ epoch 41
2025-09-14 14:54:51.737 | INFO     | __main__:main:615 - [LESION][Diag] IoU1=0.5961 | Prec1=0.7586 | Rec1=0.7357 | IoU1|pos=0.5961 | p(pos|lesion)=0.727 | p(pos|bg)=0.074 | lesion_imgs=486/972
2025-09-14 14:54:55.056 | INFO     | __main__:train_one_epoch_lesion:236 - [LESION] Epoch 42 Iter 0/70 lr=7.31012e-06 loss=0.7201 ce=0.2172 dice=0.1272 g=5.5034 l=0.4922 wg=0.000 wl=0.800 posfrac=0.2955
2025-09-14 14:55:16.982 | INFO     | __main__:train_one_epoch_lesion:236 - [LESION] Epoch 42 Iter 69/70 lr=7.24578e-06 loss=0.6372 ce=0.1763 dice=0.1303 g=5.3932 l=0.4247 wg=0.000 wl=0.800 posfrac=0.2430
2025-09-14 14:55:18.462 | INFO     | __main__:train_one_epoch_lesion:236 - [LESION] Epoch 43 Iter 0/70 lr=7.24485e-06 loss=0.6390 ce=0.1763 dice=0.1360 g=5.4961 l=0.4184 wg=0.000 wl=0.800 posfrac=0.1880
2025-09-14 14:55:41.057 | INFO     | __main__:train_one_epoch_lesion:236 - [LESION] Epoch 43 Iter 69/70 lr=7.18045e-06 loss=0.6339 ce=0.1730 dice=0.1321 g=5.3976 l=0.4213 wg=0.000 wl=0.800 posfrac=0.2322
2025-09-14 14:55:47.793 | INFO     | __main__:main:612 - [LESION] Val Dice(lesion)=0.7232 | mIoU(2cls)=0.7241 | IoU_per_class=[0.8818, 0.5664] @ epoch 43
2025-09-14 14:55:47.793 | INFO     | __main__:main:615 - [LESION][Diag] IoU1=0.5664 | Prec1=0.8085 | Rec1=0.6542 | IoU1|pos=0.5664 | p(pos|lesion)=0.652 | p(pos|bg)=0.052 | lesion_imgs=486/972
2025-09-14 14:55:49.203 | INFO     | __main__:train_one_epoch_lesion:236 - [LESION] Epoch 44 Iter 0/70 lr=7.17952e-06 loss=0.6831 ce=0.1725 dice=0.1649 g=5.4883 l=0.4341 wg=0.000 wl=0.800 posfrac=0.1618
2025-09-14 14:56:12.184 | INFO     | __main__:train_one_epoch_lesion:236 - [LESION] Epoch 44 Iter 69/70 lr=7.11506e-06 loss=0.6341 ce=0.1743 dice=0.1297 g=5.3991 l=0.4238 wg=0.000 wl=0.800 posfrac=0.2377
2025-09-14 14:56:13.961 | INFO     | __main__:train_one_epoch_lesion:236 - [LESION] Epoch 45 Iter 0/70 lr=7.11413e-06 loss=0.7552 ce=0.2419 dice=0.1702 g=5.4519 l=0.4468 wg=0.000 wl=0.800 posfrac=0.1846
2025-09-14 14:56:36.578 | INFO     | __main__:train_one_epoch_lesion:236 - [LESION] Epoch 45 Iter 69/70 lr=7.04960e-06 loss=0.6351 ce=0.1776 dice=0.1314 g=5.3877 l=0.4191 wg=0.000 wl=0.800 posfrac=0.2326
2025-09-14 14:56:43.787 | INFO     | __main__:main:612 - [LESION] Val Dice(lesion)=0.7532 | mIoU(2cls)=0.7418 | IoU_per_class=[0.8796, 0.6041] @ epoch 45
2025-09-14 14:56:43.787 | INFO     | __main__:main:615 - [LESION][Diag] IoU1=0.6041 | Prec1=0.7474 | Rec1=0.7590 | IoU1|pos=0.6041 | p(pos|lesion)=0.751 | p(pos|bg)=0.081 | lesion_imgs=486/972
2025-09-14 14:56:47.334 | INFO     | __main__:train_one_epoch_lesion:236 - [LESION] Epoch 46 Iter 0/70 lr=7.04866e-06 loss=0.6650 ce=0.1262 dice=0.1401 g=5.5593 l=0.4949 wg=0.000 wl=0.800 posfrac=0.1468
2025-09-14 14:57:09.219 | INFO     | __main__:train_one_epoch_lesion:236 - [LESION] Epoch 46 Iter 69/70 lr=6.98407e-06 loss=0.6210 ce=0.1708 dice=0.1240 g=5.3844 l=0.4195 wg=0.000 wl=0.800 posfrac=0.2385
2025-09-14 14:57:10.900 | INFO     | __main__:train_one_epoch_lesion:236 - [LESION] Epoch 47 Iter 0/70 lr=6.98313e-06 loss=0.6176 ce=0.1792 dice=0.1147 g=5.3956 l=0.4208 wg=0.000 wl=0.800 posfrac=0.3020
2025-09-14 14:57:33.490 | INFO     | __main__:train_one_epoch_lesion:236 - [LESION] Epoch 47 Iter 69/70 lr=6.91847e-06 loss=0.6103 ce=0.1632 dice=0.1207 g=5.3836 l=0.4186 wg=0.000 wl=0.800 posfrac=0.2396
2025-09-14 14:57:40.113 | INFO     | __main__:main:612 - [LESION] Val Dice(lesion)=0.7541 | mIoU(2cls)=0.7436 | IoU_per_class=[0.8820, 0.6053] @ epoch 47
2025-09-14 14:57:40.113 | INFO     | __main__:main:615 - [LESION][Diag] IoU1=0.6053 | Prec1=0.7588 | Rec1=0.7495 | IoU1|pos=0.6053 | p(pos|lesion)=0.740 | p(pos|bg)=0.073 | lesion_imgs=486/972
2025-09-14 14:57:42.266 | INFO     | __main__:train_one_epoch_lesion:236 - [LESION] Epoch 48 Iter 0/70 lr=6.91753e-06 loss=0.6290 ce=0.1454 dice=0.1337 g=5.3864 l=0.4402 wg=0.000 wl=0.800 posfrac=0.1433
2025-09-14 14:58:06.108 | INFO     | __main__:train_one_epoch_lesion:236 - [LESION] Epoch 48 Iter 69/70 lr=6.85280e-06 loss=0.6027 ce=0.1618 dice=0.1178 g=5.3843 l=0.4149 wg=0.000 wl=0.800 posfrac=0.2459
2025-09-14 14:58:08.957 | INFO     | __main__:train_one_epoch_lesion:236 - [LESION] Epoch 49 Iter 0/70 lr=6.85187e-06 loss=0.5999 ce=0.1303 dice=0.1511 g=5.4746 l=0.3930 wg=0.000 wl=0.800 posfrac=0.1024
2025-09-14 14:58:31.127 | INFO     | __main__:train_one_epoch_lesion:236 - [LESION] Epoch 49 Iter 69/70 lr=6.78707e-06 loss=0.6086 ce=0.1703 dice=0.1181 g=5.3856 l=0.4133 wg=0.000 wl=0.800 posfrac=0.2481
2025-09-14 14:58:37.794 | INFO     | __main__:main:612 - [LESION] Val Dice(lesion)=0.7459 | mIoU(2cls)=0.7383 | IoU_per_class=[0.8819, 0.5947] @ epoch 49
2025-09-14 14:58:37.794 | INFO     | __main__:main:615 - [LESION][Diag] IoU1=0.5947 | Prec1=0.7708 | Rec1=0.7225 | IoU1|pos=0.5947 | p(pos|lesion)=0.714 | p(pos|bg)=0.066 | lesion_imgs=486/972
2025-09-14 14:58:39.499 | INFO     | __main__:train_one_epoch_lesion:236 - [LESION] Epoch 50 Iter 0/70 lr=6.78613e-06 loss=0.6256 ce=0.1871 dice=0.1351 g=5.3307 l=0.3922 wg=0.000 wl=0.800 posfrac=0.2218
2025-09-14 14:59:02.485 | INFO     | __main__:train_one_epoch_lesion:236 - [LESION] Epoch 50 Iter 69/70 lr=6.72126e-06 loss=0.6088 ce=0.1634 dice=0.1223 g=5.3830 l=0.4141 wg=0.000 wl=0.800 posfrac=0.2264
2025-09-14 14:59:04.499 | INFO     | __main__:train_one_epoch_lesion:236 - [LESION] Epoch 51 Iter 0/70 lr=6.72032e-06 loss=0.4971 ce=0.0969 dice=0.0816 g=5.3955 l=0.4021 wg=0.000 wl=0.800 posfrac=0.2033
2025-09-14 14:59:27.753 | INFO     | __main__:train_one_epoch_lesion:236 - [LESION] Epoch 51 Iter 69/70 lr=6.65538e-06 loss=0.6143 ce=0.1666 dice=0.1243 g=5.3741 l=0.4148 wg=0.000 wl=0.800 posfrac=0.2315
2025-09-14 14:59:34.422 | INFO     | __main__:main:612 - [LESION] Val Dice(lesion)=0.7487 | mIoU(2cls)=0.7405 | IoU_per_class=[0.8826, 0.5984] @ epoch 51
2025-09-14 14:59:34.422 | INFO     | __main__:main:615 - [LESION][Diag] IoU1=0.5984 | Prec1=0.7705 | Rec1=0.7281 | IoU1|pos=0.5984 | p(pos|lesion)=0.720 | p(pos|bg)=0.069 | lesion_imgs=486/972
2025-09-14 14:59:35.574 | INFO     | __main__:train_one_epoch_lesion:236 - [LESION] Epoch 52 Iter 0/70 lr=6.65444e-06 loss=0.5073 ce=0.1354 dice=0.0820 g=5.3105 l=0.3758 wg=0.000 wl=0.800 posfrac=0.3171
2025-09-14 14:59:58.612 | INFO     | __main__:train_one_epoch_lesion:236 - [LESION] Epoch 52 Iter 69/70 lr=6.58943e-06 loss=0.6068 ce=0.1649 dice=0.1234 g=5.3692 l=0.4085 wg=0.000 wl=0.800 posfrac=0.2245
2025-09-14 14:59:59.979 | INFO     | __main__:train_one_epoch_lesion:236 - [LESION] Epoch 53 Iter 0/70 lr=6.58849e-06 loss=0.5735 ce=0.1477 dice=0.0887 g=5.3909 l=0.4362 wg=0.000 wl=0.800 posfrac=0.2777
2025-09-14 15:00:23.438 | INFO     | __main__:train_one_epoch_lesion:236 - [LESION] Epoch 53 Iter 69/70 lr=6.52340e-06 loss=0.5976 ce=0.1626 dice=0.1165 g=5.3848 l=0.4097 wg=0.000 wl=0.800 posfrac=0.2388
2025-09-14 15:00:30.276 | INFO     | __main__:main:612 - [LESION] Val Dice(lesion)=0.7563 | mIoU(2cls)=0.7419 | IoU_per_class=[0.8757, 0.6081] @ epoch 53
2025-09-14 15:00:30.276 | INFO     | __main__:main:615 - [LESION][Diag] IoU1=0.6081 | Prec1=0.7246 | Rec1=0.7908 | IoU1|pos=0.6081 | p(pos|lesion)=0.779 | p(pos|bg)=0.090 | lesion_imgs=486/972
2025-09-14 15:00:32.437 | INFO     | __main__:train_one_epoch_lesion:236 - [LESION] Epoch 54 Iter 0/70 lr=6.52246e-06 loss=0.7714 ce=0.2022 dice=0.2086 g=5.3230 l=0.4491 wg=0.000 wl=0.800 posfrac=0.1012
2025-09-14 15:00:55.915 | INFO     | __main__:train_one_epoch_lesion:236 - [LESION] Epoch 54 Iter 69/70 lr=6.45730e-06 loss=0.6112 ce=0.1688 dice=0.1263 g=5.3615 l=0.4057 wg=0.000 wl=0.800 posfrac=0.2270
2025-09-14 15:00:58.729 | INFO     | __main__:train_one_epoch_lesion:236 - [LESION] Epoch 55 Iter 0/70 lr=6.45636e-06 loss=0.5569 ce=0.1639 dice=0.1072 g=5.3737 l=0.3713 wg=0.000 wl=0.800 posfrac=0.3154
2025-09-14 15:01:21.047 | INFO     | __main__:train_one_epoch_lesion:236 - [LESION] Epoch 55 Iter 69/70 lr=6.39113e-06 loss=0.5975 ce=0.1655 dice=0.1181 g=5.3789 l=0.4041 wg=0.000 wl=0.800 posfrac=0.2374
2025-09-14 15:01:28.630 | INFO     | __main__:main:612 - [LESION] Val Dice(lesion)=0.7547 | mIoU(2cls)=0.7433 | IoU_per_class=[0.8806, 0.6060] @ epoch 55
2025-09-14 15:01:28.630 | INFO     | __main__:main:615 - [LESION][Diag] IoU1=0.6060 | Prec1=0.7504 | Rec1=0.7591 | IoU1|pos=0.6060 | p(pos|lesion)=0.751 | p(pos|bg)=0.078 | lesion_imgs=486/972
2025-09-14 15:01:30.619 | INFO     | __main__:train_one_epoch_lesion:236 - [LESION] Epoch 56 Iter 0/70 lr=6.39018e-06 loss=0.6510 ce=0.1734 dice=0.1478 g=5.3280 l=0.4188 wg=0.000 wl=0.800 posfrac=0.1374
2025-09-14 15:01:53.678 | INFO     | __main__:train_one_epoch_lesion:236 - [LESION] Epoch 56 Iter 69/70 lr=6.32488e-06 loss=0.5932 ce=0.1605 dice=0.1175 g=5.3780 l=0.4048 wg=0.000 wl=0.800 posfrac=0.2435
2025-09-14 15:01:55.551 | INFO     | __main__:train_one_epoch_lesion:236 - [LESION] Epoch 57 Iter 0/70 lr=6.32393e-06 loss=0.6727 ce=0.2513 dice=0.1186 g=5.4132 l=0.4117 wg=0.000 wl=0.800 posfrac=0.3738
2025-09-14 15:02:18.014 | INFO     | __main__:train_one_epoch_lesion:236 - [LESION] Epoch 57 Iter 69/70 lr=6.25855e-06 loss=0.5857 ce=0.1618 dice=0.1121 g=5.3617 l=0.4022 wg=0.000 wl=0.800 posfrac=0.2504
2025-09-14 15:02:24.520 | INFO     | __main__:main:612 - [LESION] Val Dice(lesion)=0.7508 | mIoU(2cls)=0.7415 | IoU_per_class=[0.8820, 0.6010] @ epoch 57
2025-09-14 15:02:24.520 | INFO     | __main__:main:615 - [LESION][Diag] IoU1=0.6010 | Prec1=0.7636 | Rec1=0.7384 | IoU1|pos=0.6010 | p(pos|lesion)=0.727 | p(pos|bg)=0.068 | lesion_imgs=486/972
2025-09-14 15:02:26.201 | INFO     | __main__:train_one_epoch_lesion:236 - [LESION] Epoch 58 Iter 0/70 lr=6.25760e-06 loss=0.5709 ce=0.1911 dice=0.0827 g=5.3813 l=0.3985 wg=0.000 wl=0.800 posfrac=0.3978
2025-09-14 15:02:48.672 | INFO     | __main__:train_one_epoch_lesion:236 - [LESION] Epoch 58 Iter 69/70 lr=6.19214e-06 loss=0.6027 ce=0.1674 dice=0.1228 g=5.3657 l=0.4018 wg=0.000 wl=0.800 posfrac=0.2415
2025-09-14 15:02:50.609 | INFO     | __main__:train_one_epoch_lesion:236 - [LESION] Epoch 59 Iter 0/70 lr=6.19119e-06 loss=0.5916 ce=0.1529 dice=0.0917 g=5.4734 l=0.4491 wg=0.000 wl=0.800 posfrac=0.3197
2025-09-14 15:03:12.878 | INFO     | __main__:train_one_epoch_lesion:236 - [LESION] Epoch 59 Iter 69/70 lr=6.12566e-06 loss=0.5957 ce=0.1597 dice=0.1197 g=5.3763 l=0.4054 wg=0.000 wl=0.800 posfrac=0.2317
2025-09-14 15:03:19.790 | INFO     | __main__:main:612 - [LESION] Val Dice(lesion)=0.7582 | mIoU(2cls)=0.7446 | IoU_per_class=[0.8787, 0.6106] @ epoch 59
2025-09-14 15:03:19.791 | INFO     | __main__:main:615 - [LESION][Diag] IoU1=0.6106 | Prec1=0.7363 | Rec1=0.7815 | IoU1|pos=0.6106 | p(pos|lesion)=0.772 | p(pos|bg)=0.084 | lesion_imgs=486/972
2025-09-14 15:03:21.708 | INFO     | __main__:train_one_epoch_lesion:236 - [LESION] Epoch 60 Iter 0/70 lr=6.12471e-06 loss=0.6058 ce=0.1854 dice=0.1225 g=5.2599 l=0.3881 wg=0.000 wl=0.800 posfrac=0.2039
2025-09-14 15:03:45.537 | INFO     | __main__:train_one_epoch_lesion:236 - [LESION] Epoch 60 Iter 69/70 lr=6.05909e-06 loss=0.5911 ce=0.1644 dice=0.1159 g=5.3532 l=0.4007 wg=0.000 wl=0.800 posfrac=0.2344
2025-09-14 15:03:47.533 | INFO     | __main__:train_one_epoch_lesion:236 - [LESION] Epoch 61 Iter 0/70 lr=6.05814e-06 loss=0.5876 ce=0.1306 dice=0.1346 g=5.3581 l=0.4019 wg=0.000 wl=0.800 posfrac=0.1436
2025-09-14 15:04:10.616 | INFO     | __main__:train_one_epoch_lesion:236 - [LESION] Epoch 61 Iter 69/70 lr=5.99244e-06 loss=0.5936 ce=0.1590 dice=0.1173 g=5.3742 l=0.4070 wg=0.000 wl=0.800 posfrac=0.2320
2025-09-14 15:04:17.151 | INFO     | __main__:main:612 - [LESION] Val Dice(lesion)=0.7506 | mIoU(2cls)=0.7413 | IoU_per_class=[0.8819, 0.6008] @ epoch 61
2025-09-14 15:04:17.152 | INFO     | __main__:main:615 - [LESION][Diag] IoU1=0.6008 | Prec1=0.7633 | Rec1=0.7383 | IoU1|pos=0.6008 | p(pos|lesion)=0.731 | p(pos|bg)=0.071 | lesion_imgs=486/972
2025-09-14 15:04:18.540 | INFO     | __main__:train_one_epoch_lesion:236 - [LESION] Epoch 62 Iter 0/70 lr=5.99149e-06 loss=0.5532 ce=0.1564 dice=0.1088 g=5.3001 l=0.3720 wg=0.000 wl=0.800 posfrac=0.2442
2025-09-14 15:04:40.868 | INFO     | __main__:train_one_epoch_lesion:236 - [LESION] Epoch 62 Iter 69/70 lr=5.92571e-06 loss=0.5769 ce=0.1513 dice=0.1094 g=5.3661 l=0.4057 wg=0.000 wl=0.800 posfrac=0.2351
2025-09-14 15:04:42.782 | INFO     | __main__:train_one_epoch_lesion:236 - [LESION] Epoch 63 Iter 0/70 lr=5.92476e-06 loss=0.6236 ce=0.1816 dice=0.1089 g=5.3791 l=0.4345 wg=0.000 wl=0.800 posfrac=0.2562
2025-09-14 15:05:05.140 | INFO     | __main__:train_one_epoch_lesion:236 - [LESION] Epoch 63 Iter 69/70 lr=5.85890e-06 loss=0.5761 ce=0.1544 dice=0.1106 g=5.3510 l=0.3999 wg=0.000 wl=0.800 posfrac=0.2445
2025-09-14 15:05:12.111 | INFO     | __main__:main:612 - [LESION] Val Dice(lesion)=0.7401 | mIoU(2cls)=0.7358 | IoU_per_class=[0.8843, 0.5874] @ epoch 63
2025-09-14 15:05:12.111 | INFO     | __main__:main:615 - [LESION][Diag] IoU1=0.5874 | Prec1=0.7956 | Rec1=0.6918 | IoU1|pos=0.5874 | p(pos|lesion)=0.685 | p(pos|bg)=0.055 | lesion_imgs=486/972
2025-09-14 15:05:13.483 | INFO     | __main__:train_one_epoch_lesion:236 - [LESION] Epoch 64 Iter 0/70 lr=5.85794e-06 loss=0.5209 ce=0.1366 dice=0.0944 g=5.3301 l=0.3728 wg=0.000 wl=0.800 posfrac=0.2769
2025-09-14 15:05:36.069 | INFO     | __main__:train_one_epoch_lesion:236 - [LESION] Epoch 64 Iter 69/70 lr=5.79200e-06 loss=0.5700 ce=0.1508 dice=0.1107 g=5.3673 l=0.3957 wg=0.000 wl=0.800 posfrac=0.2408
2025-09-14 15:05:38.972 | INFO     | __main__:train_one_epoch_lesion:236 - [LESION] Epoch 65 Iter 0/70 lr=5.79104e-06 loss=0.5803 ce=0.1499 dice=0.1196 g=5.3603 l=0.3962 wg=0.000 wl=0.800 posfrac=0.2031
2025-09-14 15:06:01.119 | INFO     | __main__:train_one_epoch_lesion:236 - [LESION] Epoch 65 Iter 69/70 lr=5.72502e-06 loss=0.5722 ce=0.1560 dice=0.1099 g=5.3544 l=0.3943 wg=0.000 wl=0.800 posfrac=0.2441
2025-09-14 15:06:08.025 | INFO     | __main__:main:612 - [LESION] Val Dice(lesion)=0.7510 | mIoU(2cls)=0.7430 | IoU_per_class=[0.8847, 0.6013] @ epoch 65
2025-09-14 15:06:08.025 | INFO     | __main__:main:615 - [LESION][Diag] IoU1=0.6013 | Prec1=0.7798 | Rec1=0.7243 | IoU1|pos=0.6013 | p(pos|lesion)=0.715 | p(pos|bg)=0.061 | lesion_imgs=486/972
2025-09-14 15:06:09.756 | INFO     | __main__:train_one_epoch_lesion:236 - [LESION] Epoch 66 Iter 0/70 lr=5.72406e-06 loss=0.4999 ce=0.1198 dice=0.0983 g=5.4214 l=0.3575 wg=0.000 wl=0.800 posfrac=0.2029
2025-09-14 15:06:31.985 | INFO     | __main__:train_one_epoch_lesion:236 - [LESION] Epoch 66 Iter 69/70 lr=5.65794e-06 loss=0.5653 ce=0.1530 dice=0.1061 g=5.3660 l=0.3945 wg=0.000 wl=0.800 posfrac=0.2395
2025-09-14 15:06:33.285 | INFO     | __main__:train_one_epoch_lesion:236 - [LESION] Epoch 67 Iter 0/70 lr=5.65699e-06 loss=0.4739 ce=0.1095 dice=0.0700 g=5.2907 l=0.3779 wg=0.000 wl=0.800 posfrac=0.3127
2025-09-14 15:06:56.503 | INFO     | __main__:train_one_epoch_lesion:236 - [LESION] Epoch 67 Iter 69/70 lr=5.59078e-06 loss=0.5623 ce=0.1491 dice=0.1053 g=5.3415 l=0.3959 wg=0.000 wl=0.800 posfrac=0.2436
2025-09-14 15:07:03.411 | INFO     | __main__:main:612 - [LESION] Val Dice(lesion)=0.7540 | mIoU(2cls)=0.7442 | IoU_per_class=[0.8833, 0.6051] @ epoch 67
2025-09-14 15:07:03.411 | INFO     | __main__:main:615 - [LESION][Diag] IoU1=0.6051 | Prec1=0.7663 | Rec1=0.7421 | IoU1|pos=0.6051 | p(pos|lesion)=0.734 | p(pos|bg)=0.069 | lesion_imgs=486/972
2025-09-14 15:07:05.272 | INFO     | __main__:train_one_epoch_lesion:236 - [LESION] Epoch 68 Iter 0/70 lr=5.58982e-06 loss=0.5204 ce=0.1167 dice=0.1052 g=5.4217 l=0.3760 wg=0.000 wl=0.800 posfrac=0.1758
2025-09-14 15:07:27.372 | INFO     | __main__:train_one_epoch_lesion:236 - [LESION] Epoch 68 Iter 69/70 lr=5.52353e-06 loss=0.5664 ce=0.1500 dice=0.1099 g=5.3656 l=0.3932 wg=0.000 wl=0.800 posfrac=0.2443
2025-09-14 15:07:30.076 | INFO     | __main__:train_one_epoch_lesion:236 - [LESION] Epoch 69 Iter 0/70 lr=5.52257e-06 loss=0.5724 ce=0.1473 dice=0.1024 g=5.4249 l=0.4145 wg=0.000 wl=0.800 posfrac=0.2399
2025-09-14 15:07:52.178 | INFO     | __main__:train_one_epoch_lesion:236 - [LESION] Epoch 69 Iter 69/70 lr=5.45619e-06 loss=0.5687 ce=0.1507 dice=0.1076 g=5.3578 l=0.3988 wg=0.000 wl=0.800 posfrac=0.2437
2025-09-14 15:07:59.021 | INFO     | __main__:main:612 - [LESION] Val Dice(lesion)=0.7474 | mIoU(2cls)=0.7406 | IoU_per_class=[0.8846, 0.5967] @ epoch 69
2025-09-14 15:07:59.021 | INFO     | __main__:main:615 - [LESION][Diag] IoU1=0.5967 | Prec1=0.7847 | Rec1=0.7135 | IoU1|pos=0.5967 | p(pos|lesion)=0.705 | p(pos|bg)=0.060 | lesion_imgs=486/972
2025-09-14 15:08:00.706 | INFO     | __main__:train_one_epoch_lesion:236 - [LESION] Epoch 70 Iter 0/70 lr=5.45523e-06 loss=0.4566 ce=0.0984 dice=0.0620 g=5.3263 l=0.3793 wg=0.000 wl=0.800 posfrac=0.3326
2025-09-14 15:08:23.213 | INFO     | __main__:train_one_epoch_lesion:236 - [LESION] Epoch 70 Iter 69/70 lr=5.38876e-06 loss=0.5694 ce=0.1527 dice=0.1106 g=5.3505 l=0.3931 wg=0.000 wl=0.800 posfrac=0.2362
2025-09-14 15:08:25.150 | INFO     | __main__:train_one_epoch_lesion:236 - [LESION] Epoch 71 Iter 0/70 lr=5.38780e-06 loss=0.6391 ce=0.1576 dice=0.1611 g=5.2801 l=0.3996 wg=0.000 wl=0.800 posfrac=0.1265
2025-09-14 15:08:47.724 | INFO     | __main__:train_one_epoch_lesion:236 - [LESION] Epoch 71 Iter 69/70 lr=5.32123e-06 loss=0.5774 ce=0.1607 dice=0.1107 g=5.3461 l=0.3949 wg=0.000 wl=0.800 posfrac=0.2514
2025-09-14 15:08:55.235 | INFO     | __main__:main:612 - [LESION] Val Dice(lesion)=0.7536 | mIoU(2cls)=0.7440 | IoU_per_class=[0.8833, 0.6047] @ epoch 71
2025-09-14 15:08:55.235 | INFO     | __main__:main:615 - [LESION][Diag] IoU1=0.6047 | Prec1=0.7669 | Rec1=0.7408 | IoU1|pos=0.6047 | p(pos|lesion)=0.731 | p(pos|bg)=0.067 | lesion_imgs=486/972
2025-09-14 15:08:58.007 | INFO     | __main__:train_one_epoch_lesion:236 - [LESION] Epoch 72 Iter 0/70 lr=5.32027e-06 loss=0.5962 ce=0.2270 dice=0.1023 g=5.3200 l=0.3648 wg=0.000 wl=0.800 posfrac=0.4689
2025-09-14 15:09:20.048 | INFO     | __main__:train_one_epoch_lesion:236 - [LESION] Epoch 72 Iter 69/70 lr=5.25361e-06 loss=0.5779 ce=0.1601 dice=0.1150 g=5.3520 l=0.3898 wg=0.000 wl=0.800 posfrac=0.2341
2025-09-14 15:09:22.797 | INFO     | __main__:train_one_epoch_lesion:236 - [LESION] Epoch 73 Iter 0/70 lr=5.25264e-06 loss=0.7246 ce=0.2223 dice=0.2019 g=5.4853 l=0.3805 wg=0.000 wl=0.800 posfrac=0.1476
2025-09-14 15:09:45.712 | INFO     | __main__:train_one_epoch_lesion:236 - [LESION] Epoch 73 Iter 69/70 lr=5.18589e-06 loss=0.5645 ce=0.1488 dice=0.1108 g=5.3477 l=0.3906 wg=0.000 wl=0.800 posfrac=0.2277
2025-09-14 15:09:52.474 | INFO     | __main__:main:612 - [LESION] Val Dice(lesion)=0.7478 | mIoU(2cls)=0.7405 | IoU_per_class=[0.8839, 0.5972] @ epoch 73
2025-09-14 15:09:52.474 | INFO     | __main__:main:615 - [LESION][Diag] IoU1=0.5972 | Prec1=0.7797 | Rec1=0.7184 | IoU1|pos=0.5972 | p(pos|lesion)=0.710 | p(pos|bg)=0.062 | lesion_imgs=486/972
2025-09-14 15:09:53.780 | INFO     | __main__:train_one_epoch_lesion:236 - [LESION] Epoch 74 Iter 0/70 lr=5.18492e-06 loss=0.4997 ce=0.1560 dice=0.0770 g=5.2916 l=0.3531 wg=0.000 wl=0.800 posfrac=0.3618
2025-09-14 15:10:16.679 | INFO     | __main__:train_one_epoch_lesion:236 - [LESION] Epoch 74 Iter 69/70 lr=5.11807e-06 loss=0.5515 ce=0.1441 dice=0.1023 g=5.3527 l=0.3918 wg=0.000 wl=0.800 posfrac=0.2393
2025-09-14 15:10:18.060 | INFO     | __main__:train_one_epoch_lesion:236 - [LESION] Epoch 75 Iter 0/70 lr=5.11710e-06 loss=0.4958 ce=0.1127 dice=0.0838 g=5.2847 l=0.3812 wg=0.000 wl=0.800 posfrac=0.2096
2025-09-14 15:10:40.816 | INFO     | __main__:train_one_epoch_lesion:236 - [LESION] Epoch 75 Iter 69/70 lr=5.05016e-06 loss=0.5523 ce=0.1446 dice=0.1039 g=5.3478 l=0.3900 wg=0.000 wl=0.800 posfrac=0.2409
2025-09-14 15:10:47.581 | INFO     | __main__:main:612 - [LESION] Val Dice(lesion)=0.7567 | mIoU(2cls)=0.7423 | IoU_per_class=[0.8761, 0.6086] @ epoch 75
2025-09-14 15:10:47.582 | INFO     | __main__:main:615 - [LESION][Diag] IoU1=0.6086 | Prec1=0.7259 | Rec1=0.7902 | IoU1|pos=0.6086 | p(pos|lesion)=0.779 | p(pos|bg)=0.087 | lesion_imgs=486/972
2025-09-14 15:10:48.918 | INFO     | __main__:train_one_epoch_lesion:236 - [LESION] Epoch 76 Iter 0/70 lr=5.04918e-06 loss=0.4220 ce=0.0888 dice=0.0599 g=5.4082 l=0.3488 wg=0.000 wl=0.800 posfrac=0.2510
2025-09-14 15:11:12.421 | INFO     | __main__:train_one_epoch_lesion:236 - [LESION] Epoch 76 Iter 69/70 lr=4.98214e-06 loss=0.5653 ce=0.1485 dice=0.1087 g=5.3513 l=0.3950 wg=0.000 wl=0.800 posfrac=0.2300
2025-09-14 15:11:14.521 | INFO     | __main__:train_one_epoch_lesion:236 - [LESION] Epoch 77 Iter 0/70 lr=4.98116e-06 loss=0.4421 ce=0.0883 dice=0.0696 g=5.2521 l=0.3600 wg=0.000 wl=0.800 posfrac=0.2051
2025-09-14 15:11:36.734 | INFO     | __main__:train_one_epoch_lesion:236 - [LESION] Epoch 77 Iter 69/70 lr=4.91401e-06 loss=0.5624 ce=0.1504 dice=0.1091 g=5.3456 l=0.3890 wg=0.000 wl=0.800 posfrac=0.2409
2025-09-14 15:11:43.593 | INFO     | __main__:main:612 - [LESION] Val Dice(lesion)=0.7542 | mIoU(2cls)=0.7442 | IoU_per_class=[0.8829, 0.6054] @ epoch 77
2025-09-14 15:11:43.594 | INFO     | __main__:main:615 - [LESION][Diag] IoU1=0.6054 | Prec1=0.7639 | Rec1=0.7447 | IoU1|pos=0.6054 | p(pos|lesion)=0.734 | p(pos|bg)=0.068 | lesion_imgs=486/972
2025-09-14 15:11:45.271 | INFO     | __main__:train_one_epoch_lesion:236 - [LESION] Epoch 78 Iter 0/70 lr=4.91304e-06 loss=0.6526 ce=0.2460 dice=0.1340 g=5.3570 l=0.3688 wg=0.000 wl=0.800 posfrac=0.2957
2025-09-14 15:12:07.946 | INFO     | __main__:train_one_epoch_lesion:236 - [LESION] Epoch 78 Iter 69/70 lr=4.84579e-06 loss=0.5606 ce=0.1441 dice=0.1114 g=5.3466 l=0.3895 wg=0.000 wl=0.800 posfrac=0.2258
2025-09-14 15:12:10.235 | INFO     | __main__:train_one_epoch_lesion:236 - [LESION] Epoch 79 Iter 0/70 lr=4.84481e-06 loss=0.6071 ce=0.1720 dice=0.1330 g=5.4519 l=0.3875 wg=0.000 wl=0.800 posfrac=0.1634
2025-09-14 15:12:32.733 | INFO     | __main__:train_one_epoch_lesion:236 - [LESION] Epoch 79 Iter 69/70 lr=4.77745e-06 loss=0.5569 ce=0.1514 dice=0.1015 g=5.3441 l=0.3925 wg=0.000 wl=0.800 posfrac=0.2508
2025-09-14 15:12:39.426 | INFO     | __main__:main:612 - [LESION] Val Dice(lesion)=0.7534 | mIoU(2cls)=0.7435 | IoU_per_class=[0.8826, 0.6044] @ epoch 79
2025-09-14 15:12:39.426 | INFO     | __main__:main:615 - [LESION][Diag] IoU1=0.6044 | Prec1=0.7633 | Rec1=0.7439 | IoU1|pos=0.6044 | p(pos|lesion)=0.733 | p(pos|bg)=0.068 | lesion_imgs=486/972
2025-09-14 15:12:40.846 | INFO     | __main__:train_one_epoch_lesion:236 - [LESION] Epoch 80 Iter 0/70 lr=4.77647e-06 loss=0.5168 ce=0.1329 dice=0.0730 g=5.2203 l=0.4037 wg=0.000 wl=0.800 posfrac=0.4878
2025-09-14 15:13:04.338 | INFO     | __main__:train_one_epoch_lesion:236 - [LESION] Epoch 80 Iter 69/70 lr=4.70901e-06 loss=0.5590 ce=0.1472 dice=0.1081 g=5.3471 l=0.3894 wg=0.000 wl=0.800 posfrac=0.2387
2025-09-14 15:13:06.937 | INFO     | __main__:train_one_epoch_lesion:236 - [LESION] Epoch 81 Iter 0/70 lr=4.70803e-06 loss=0.5285 ce=0.1101 dice=0.0956 g=5.4176 l=0.4071 wg=0.000 wl=0.800 posfrac=0.2040
2025-09-14 15:13:28.689 | INFO     | __main__:train_one_epoch_lesion:236 - [LESION] Epoch 81 Iter 69/70 lr=4.64045e-06 loss=0.5714 ce=0.1625 dice=0.1106 g=5.3463 l=0.3858 wg=0.000 wl=0.800 posfrac=0.2485
2025-09-14 15:13:36.128 | INFO     | __main__:main:612 - [LESION] Val Dice(lesion)=0.7463 | mIoU(2cls)=0.7404 | IoU_per_class=[0.8855, 0.5953] @ epoch 81
2025-09-14 15:13:36.128 | INFO     | __main__:main:615 - [LESION][Diag] IoU1=0.5953 | Prec1=0.7924 | Rec1=0.7053 | IoU1|pos=0.5953 | p(pos|lesion)=0.697 | p(pos|bg)=0.056 | lesion_imgs=486/972
2025-09-14 15:13:38.028 | INFO     | __main__:train_one_epoch_lesion:236 - [LESION] Epoch 82 Iter 0/70 lr=4.63947e-06 loss=0.5339 ce=0.1402 dice=0.0975 g=5.2968 l=0.3810 wg=0.000 wl=0.800 posfrac=0.2514
2025-09-14 15:14:01.370 | INFO     | __main__:train_one_epoch_lesion:236 - [LESION] Epoch 82 Iter 69/70 lr=4.57179e-06 loss=0.5411 ce=0.1389 dice=0.1015 g=5.3469 l=0.3852 wg=0.000 wl=0.800 posfrac=0.2325
2025-09-14 15:14:02.802 | INFO     | __main__:train_one_epoch_lesion:236 - [LESION] Epoch 83 Iter 0/70 lr=4.57080e-06 loss=0.7003 ce=0.2691 dice=0.1347 g=5.3827 l=0.4042 wg=0.000 wl=0.800 posfrac=0.3436
2025-09-14 15:14:25.604 | INFO     | __main__:train_one_epoch_lesion:236 - [LESION] Epoch 83 Iter 69/70 lr=4.50300e-06 loss=0.5594 ce=0.1514 dice=0.1078 g=5.3461 l=0.3862 wg=0.000 wl=0.800 posfrac=0.2427
2025-09-14 15:14:32.293 | INFO     | __main__:main:612 - [LESION] Val Dice(lesion)=0.7467 | mIoU(2cls)=0.7402 | IoU_per_class=[0.8846, 0.5958] @ epoch 83
2025-09-14 15:14:32.293 | INFO     | __main__:main:615 - [LESION][Diag] IoU1=0.5958 | Prec1=0.7859 | Rec1=0.7112 | IoU1|pos=0.5958 | p(pos|lesion)=0.704 | p(pos|bg)=0.059 | lesion_imgs=486/972
2025-09-14 15:14:34.083 | INFO     | __main__:train_one_epoch_lesion:236 - [LESION] Epoch 84 Iter 0/70 lr=4.50202e-06 loss=0.5555 ce=0.1632 dice=0.1013 g=5.3976 l=0.3792 wg=0.000 wl=0.800 posfrac=0.2764
2025-09-14 15:14:56.296 | INFO     | __main__:train_one_epoch_lesion:236 - [LESION] Epoch 84 Iter 69/70 lr=4.43411e-06 loss=0.5508 ce=0.1444 dice=0.1049 g=5.3509 l=0.3867 wg=0.000 wl=0.800 posfrac=0.2404
2025-09-14 15:14:58.391 | INFO     | __main__:train_one_epoch_lesion:236 - [LESION] Epoch 85 Iter 0/70 lr=4.43312e-06 loss=0.5524 ce=0.1263 dice=0.1065 g=5.4846 l=0.4044 wg=0.000 wl=0.800 posfrac=0.2023
2025-09-14 15:15:20.833 | INFO     | __main__:train_one_epoch_lesion:236 - [LESION] Epoch 85 Iter 69/70 lr=4.36509e-06 loss=0.5554 ce=0.1516 dice=0.1058 g=5.3490 l=0.3840 wg=0.000 wl=0.800 posfrac=0.2393
2025-09-14 15:15:27.447 | INFO     | __main__:main:612 - [LESION] Val Dice(lesion)=0.7539 | mIoU(2cls)=0.7446 | IoU_per_class=[0.8842, 0.6050] @ epoch 85
2025-09-14 15:15:27.447 | INFO     | __main__:main:615 - [LESION][Diag] IoU1=0.6050 | Prec1=0.7719 | Rec1=0.7368 | IoU1|pos=0.6050 | p(pos|lesion)=0.729 | p(pos|bg)=0.065 | lesion_imgs=486/972
2025-09-14 15:15:29.938 | INFO     | __main__:train_one_epoch_lesion:236 - [LESION] Epoch 86 Iter 0/70 lr=4.36410e-06 loss=0.5181 ce=0.1350 dice=0.0846 g=5.4361 l=0.3857 wg=0.000 wl=0.800 posfrac=0.2382
2025-09-14 15:15:52.990 | INFO     | __main__:train_one_epoch_lesion:236 - [LESION] Epoch 86 Iter 69/70 lr=4.29595e-06 loss=0.5504 ce=0.1463 dice=0.1054 g=5.3333 l=0.3835 wg=0.000 wl=0.800 posfrac=0.2437
2025-09-14 15:15:54.224 | INFO     | __main__:train_one_epoch_lesion:236 - [LESION] Epoch 87 Iter 0/70 lr=4.29496e-06 loss=0.4051 ce=0.0603 dice=0.0404 g=5.3580 l=0.3855 wg=0.000 wl=0.800 posfrac=0.3220
2025-09-14 15:16:16.849 | INFO     | __main__:train_one_epoch_lesion:236 - [LESION] Epoch 87 Iter 69/70 lr=4.22668e-06 loss=0.5445 ce=0.1376 dice=0.1033 g=5.3424 l=0.3882 wg=0.000 wl=0.800 posfrac=0.2353
2025-09-14 15:16:24.032 | INFO     | __main__:main:612 - [LESION] Val Dice(lesion)=0.7520 | mIoU(2cls)=0.7423 | IoU_per_class=[0.8819, 0.6026] @ epoch 87
2025-09-14 15:16:24.032 | INFO     | __main__:main:615 - [LESION][Diag] IoU1=0.6026 | Prec1=0.7615 | Rec1=0.7428 | IoU1|pos=0.6026 | p(pos|lesion)=0.733 | p(pos|bg)=0.068 | lesion_imgs=486/972
2025-09-14 15:16:26.456 | INFO     | __main__:train_one_epoch_lesion:236 - [LESION] Epoch 88 Iter 0/70 lr=4.22569e-06 loss=0.5849 ce=0.1293 dice=0.1742 g=5.4199 l=0.3407 wg=0.000 wl=0.800 posfrac=0.0911
2025-09-14 15:16:48.908 | INFO     | __main__:train_one_epoch_lesion:236 - [LESION] Epoch 88 Iter 69/70 lr=4.15730e-06 loss=0.5456 ce=0.1429 dice=0.1049 g=5.3493 l=0.3817 wg=0.000 wl=0.800 posfrac=0.2318
2025-09-14 15:16:50.646 | INFO     | __main__:train_one_epoch_lesion:236 - [LESION] Epoch 89 Iter 0/70 lr=4.15630e-06 loss=0.4545 ce=0.1277 dice=0.0608 g=5.1837 l=0.3492 wg=0.000 wl=0.800 posfrac=0.3564
2025-09-14 15:17:13.929 | INFO     | __main__:train_one_epoch_lesion:236 - [LESION] Epoch 89 Iter 69/70 lr=4.08778e-06 loss=0.5540 ce=0.1473 dice=0.1076 g=5.3382 l=0.3838 wg=0.000 wl=0.800 posfrac=0.2348
2025-09-14 15:17:20.523 | INFO     | __main__:main:612 - [LESION] Val Dice(lesion)=0.7563 | mIoU(2cls)=0.7459 | IoU_per_class=[0.8836, 0.6081] @ epoch 89
2025-09-14 15:17:20.523 | INFO     | __main__:main:615 - [LESION][Diag] IoU1=0.6081 | Prec1=0.7648 | Rec1=0.7479 | IoU1|pos=0.6081 | p(pos|lesion)=0.739 | p(pos|bg)=0.068 | lesion_imgs=486/972
2025-09-14 15:17:21.750 | INFO     | __main__:train_one_epoch_lesion:236 - [LESION] Epoch 90 Iter 0/70 lr=4.08678e-06 loss=0.6117 ce=0.1577 dice=0.1457 g=5.2443 l=0.3884 wg=0.000 wl=0.800 posfrac=0.1470
2025-09-14 15:17:44.588 | INFO     | __main__:train_one_epoch_lesion:236 - [LESION] Epoch 90 Iter 69/70 lr=4.01813e-06 loss=0.5566 ce=0.1466 dice=0.1079 g=5.3339 l=0.3873 wg=0.000 wl=0.800 posfrac=0.2445
2025-09-14 15:17:46.539 | INFO     | __main__:train_one_epoch_lesion:236 - [LESION] Epoch 91 Iter 0/70 lr=4.01713e-06 loss=0.5394 ce=0.1165 dice=0.0998 g=5.2871 l=0.4081 wg=0.000 wl=0.800 posfrac=0.1619
2025-09-14 15:18:08.349 | INFO     | __main__:train_one_epoch_lesion:236 - [LESION] Epoch 91 Iter 69/70 lr=3.94834e-06 loss=0.5453 ce=0.1420 dice=0.1068 g=5.3356 l=0.3795 wg=0.000 wl=0.800 posfrac=0.2378
2025-09-14 15:18:15.246 | INFO     | __main__:main:612 - [LESION] Val Dice(lesion)=0.7591 | mIoU(2cls)=0.7477 | IoU_per_class=[0.8836, 0.6117] @ epoch 91
2025-09-14 15:18:15.246 | INFO     | __main__:main:615 - [LESION][Diag] IoU1=0.6117 | Prec1=0.7604 | Rec1=0.7577 | IoU1|pos=0.6117 | p(pos|lesion)=0.747 | p(pos|bg)=0.069 | lesion_imgs=486/972
2025-09-14 15:18:17.732 | INFO     | __main__:train_one_epoch_lesion:236 - [LESION] Epoch 92 Iter 0/70 lr=3.94734e-06 loss=0.6160 ce=0.1622 dice=0.1495 g=5.3814 l=0.3835 wg=0.000 wl=0.800 posfrac=0.1404
2025-09-14 15:18:40.226 | INFO     | __main__:train_one_epoch_lesion:236 - [LESION] Epoch 92 Iter 69/70 lr=3.87842e-06 loss=0.5359 ce=0.1399 dice=0.1011 g=5.3402 l=0.3783 wg=0.000 wl=0.800 posfrac=0.2388
2025-09-14 15:18:41.532 | INFO     | __main__:train_one_epoch_lesion:236 - [LESION] Epoch 93 Iter 0/70 lr=3.87742e-06 loss=0.5580 ce=0.1664 dice=0.0916 g=5.2179 l=0.3936 wg=0.000 wl=0.800 posfrac=0.3321
2025-09-14 15:19:04.604 | INFO     | __main__:train_one_epoch_lesion:236 - [LESION] Epoch 93 Iter 69/70 lr=3.80836e-06 loss=0.5376 ce=0.1345 dice=0.1019 g=5.3428 l=0.3847 wg=0.000 wl=0.800 posfrac=0.2243
2025-09-14 15:19:11.172 | INFO     | __main__:main:612 - [LESION] Val Dice(lesion)=0.7530 | mIoU(2cls)=0.7435 | IoU_per_class=[0.8831, 0.6039] @ epoch 93
2025-09-14 15:19:11.172 | INFO     | __main__:main:615 - [LESION][Diag] IoU1=0.6039 | Prec1=0.7670 | Rec1=0.7396 | IoU1|pos=0.6039 | p(pos|lesion)=0.732 | p(pos|bg)=0.067 | lesion_imgs=486/972
2025-09-14 15:19:12.755 | INFO     | __main__:train_one_epoch_lesion:236 - [LESION] Epoch 94 Iter 0/70 lr=3.80736e-06 loss=0.5993 ce=0.1753 dice=0.1448 g=5.3835 l=0.3567 wg=0.000 wl=0.800 posfrac=0.1581
2025-09-14 15:19:34.576 | INFO     | __main__:train_one_epoch_lesion:236 - [LESION] Epoch 94 Iter 69/70 lr=3.73815e-06 loss=0.5393 ce=0.1418 dice=0.1008 g=5.3303 l=0.3811 wg=0.000 wl=0.800 posfrac=0.2389
2025-09-14 15:19:36.097 | INFO     | __main__:train_one_epoch_lesion:236 - [LESION] Epoch 95 Iter 0/70 lr=3.73715e-06 loss=0.5470 ce=0.1761 dice=0.1062 g=5.4034 l=0.3484 wg=0.000 wl=0.800 posfrac=0.2797
2025-09-14 15:19:59.321 | INFO     | __main__:train_one_epoch_lesion:236 - [LESION] Epoch 95 Iter 69/70 lr=3.66780e-06 loss=0.5521 ce=0.1456 dice=0.1085 g=5.3474 l=0.3818 wg=0.000 wl=0.800 posfrac=0.2279
2025-09-14 15:20:05.902 | INFO     | __main__:main:612 - [LESION] Val Dice(lesion)=0.7560 | mIoU(2cls)=0.7452 | IoU_per_class=[0.8828, 0.6077] @ epoch 95
2025-09-14 15:20:05.902 | INFO     | __main__:main:615 - [LESION][Diag] IoU1=0.6077 | Prec1=0.7604 | Rec1=0.7516 | IoU1|pos=0.6077 | p(pos|lesion)=0.742 | p(pos|bg)=0.070 | lesion_imgs=486/972
2025-09-14 15:20:07.966 | INFO     | __main__:train_one_epoch_lesion:236 - [LESION] Epoch 96 Iter 0/70 lr=3.66679e-06 loss=0.5163 ce=0.1377 dice=0.0886 g=5.2547 l=0.3748 wg=0.000 wl=0.800 posfrac=0.2988
2025-09-14 15:20:31.351 | INFO     | __main__:train_one_epoch_lesion:236 - [LESION] Epoch 96 Iter 69/70 lr=3.59730e-06 loss=0.5379 ce=0.1419 dice=0.0997 g=5.3269 l=0.3808 wg=0.000 wl=0.800 posfrac=0.2418
2025-09-14 15:20:32.568 | INFO     | __main__:train_one_epoch_lesion:236 - [LESION] Epoch 97 Iter 0/70 lr=3.59629e-06 loss=0.4907 ce=0.1443 dice=0.0723 g=5.2674 l=0.3607 wg=0.000 wl=0.800 posfrac=0.5017
2025-09-14 15:20:54.637 | INFO     | __main__:train_one_epoch_lesion:236 - [LESION] Epoch 97 Iter 69/70 lr=3.52664e-06 loss=0.5474 ce=0.1401 dice=0.1078 g=5.3418 l=0.3824 wg=0.000 wl=0.800 posfrac=0.2342
2025-09-14 15:21:01.743 | INFO     | __main__:main:612 - [LESION] Val Dice(lesion)=0.7586 | mIoU(2cls)=0.7453 | IoU_per_class=[0.8795, 0.6111] @ epoch 97
2025-09-14 15:21:01.743 | INFO     | __main__:main:615 - [LESION][Diag] IoU1=0.6111 | Prec1=0.7396 | Rec1=0.7787 | IoU1|pos=0.6111 | p(pos|lesion)=0.769 | p(pos|bg)=0.079 | lesion_imgs=486/972
2025-09-14 15:21:03.195 | INFO     | __main__:train_one_epoch_lesion:236 - [LESION] Epoch 98 Iter 0/70 lr=3.52563e-06 loss=0.5706 ce=0.1226 dice=0.1323 g=5.3290 l=0.3922 wg=0.000 wl=0.800 posfrac=0.1319
2025-09-14 15:21:25.680 | INFO     | __main__:train_one_epoch_lesion:236 - [LESION] Epoch 98 Iter 69/70 lr=3.45583e-06 loss=0.5475 ce=0.1472 dice=0.1040 g=5.3297 l=0.3811 wg=0.000 wl=0.800 posfrac=0.2378
2025-09-14 15:21:27.327 | INFO     | __main__:train_one_epoch_lesion:236 - [LESION] Epoch 99 Iter 0/70 lr=3.45481e-06 loss=0.4771 ce=0.1071 dice=0.0770 g=5.4226 l=0.3737 wg=0.000 wl=0.800 posfrac=0.2910
2025-09-14 15:21:50.947 | INFO     | __main__:train_one_epoch_lesion:236 - [LESION] Epoch 99 Iter 69/70 lr=3.38485e-06 loss=0.5312 ce=0.1382 dice=0.0997 g=5.3383 l=0.3763 wg=0.000 wl=0.800 posfrac=0.2367
2025-09-14 15:21:57.803 | INFO     | __main__:main:612 - [LESION] Val Dice(lesion)=0.7586 | mIoU(2cls)=0.7465 | IoU_per_class=[0.8820, 0.6111] @ epoch 99
2025-09-14 15:21:57.803 | INFO     | __main__:main:615 - [LESION][Diag] IoU1=0.6111 | Prec1=0.7523 | Rec1=0.7650 | IoU1|pos=0.6111 | p(pos|lesion)=0.754 | p(pos|bg)=0.073 | lesion_imgs=486/972
2025-09-14 15:21:59.233 | INFO     | __main__:train_one_epoch_lesion:236 - [LESION] Epoch 100 Iter 0/70 lr=3.38383e-06 loss=0.6791 ce=0.1351 dice=0.1721 g=5.4691 l=0.4556 wg=0.000 wl=0.800 posfrac=0.1030
2025-09-14 15:22:21.661 | INFO     | __main__:train_one_epoch_lesion:236 - [LESION] Epoch 100 Iter 69/70 lr=3.31371e-06 loss=0.5324 ce=0.1380 dice=0.0990 g=5.3298 l=0.3789 wg=0.000 wl=0.800 posfrac=0.2379
2025-09-14 15:22:23.802 | INFO     | __main__:train_one_epoch_lesion:236 - [LESION] Epoch 101 Iter 0/70 lr=3.31269e-06 loss=0.5742 ce=0.1766 dice=0.0947 g=5.2559 l=0.3991 wg=0.000 wl=0.800 posfrac=0.2978
2025-09-14 15:22:45.827 | INFO     | __main__:train_one_epoch_lesion:236 - [LESION] Epoch 101 Iter 69/70 lr=3.24240e-06 loss=0.5291 ce=0.1369 dice=0.0985 g=5.3405 l=0.3768 wg=0.000 wl=0.800 posfrac=0.2331
2025-09-14 15:22:52.459 | INFO     | __main__:main:612 - [LESION] Val Dice(lesion)=0.7602 | mIoU(2cls)=0.7467 | IoU_per_class=[0.8802, 0.6132] @ epoch 101
2025-09-14 15:22:52.459 | INFO     | __main__:main:615 - [LESION][Diag] IoU1=0.6132 | Prec1=0.7411 | Rec1=0.7803 | IoU1|pos=0.6132 | p(pos|lesion)=0.771 | p(pos|bg)=0.079 | lesion_imgs=486/972
2025-09-14 15:22:54.441 | INFO     | __main__:train_one_epoch_lesion:236 - [LESION] Epoch 102 Iter 0/70 lr=3.24138e-06 loss=0.6969 ce=0.2359 dice=0.1750 g=5.3939 l=0.3727 wg=0.000 wl=0.800 posfrac=0.1731
2025-09-14 15:23:17.534 | INFO     | __main__:train_one_epoch_lesion:236 - [LESION] Epoch 102 Iter 69/70 lr=3.17091e-06 loss=0.5330 ce=0.1407 dice=0.1002 g=5.3299 l=0.3751 wg=0.000 wl=0.800 posfrac=0.2405
2025-09-14 15:23:19.696 | INFO     | __main__:train_one_epoch_lesion:236 - [LESION] Epoch 103 Iter 0/70 lr=3.16989e-06 loss=0.5405 ce=0.1444 dice=0.0964 g=5.3122 l=0.3866 wg=0.000 wl=0.800 posfrac=0.2716
2025-09-14 15:23:41.526 | INFO     | __main__:train_one_epoch_lesion:236 - [LESION] Epoch 103 Iter 69/70 lr=3.09924e-06 loss=0.5222 ce=0.1345 dice=0.0962 g=5.3340 l=0.3738 wg=0.000 wl=0.800 posfrac=0.2356
2025-09-14 15:23:48.895 | INFO     | __main__:main:612 - [LESION] Val Dice(lesion)=0.7536 | mIoU(2cls)=0.7439 | IoU_per_class=[0.8832, 0.6047] @ epoch 103
2025-09-14 15:23:48.896 | INFO     | __main__:main:615 - [LESION][Diag] IoU1=0.6047 | Prec1=0.7662 | Rec1=0.7415 | IoU1|pos=0.6047 | p(pos|lesion)=0.733 | p(pos|bg)=0.066 | lesion_imgs=486/972
2025-09-14 15:23:51.201 | INFO     | __main__:train_one_epoch_lesion:236 - [LESION] Epoch 104 Iter 0/70 lr=3.09822e-06 loss=0.7883 ce=0.2953 dice=0.1735 g=5.5158 l=0.4299 wg=0.000 wl=0.800 posfrac=0.1882
2025-09-14 15:24:12.928 | INFO     | __main__:train_one_epoch_lesion:236 - [LESION] Epoch 104 Iter 69/70 lr=3.02739e-06 loss=0.5372 ce=0.1434 dice=0.1006 g=5.3359 l=0.3773 wg=0.000 wl=0.800 posfrac=0.2380
2025-09-14 15:24:14.360 | INFO     | __main__:train_one_epoch_lesion:236 - [LESION] Epoch 105 Iter 0/70 lr=3.02636e-06 loss=0.5418 ce=0.1520 dice=0.1024 g=5.2768 l=0.3717 wg=0.000 wl=0.800 posfrac=0.2706
2025-09-14 15:24:37.051 | INFO     | __main__:train_one_epoch_lesion:236 - [LESION] Epoch 105 Iter 69/70 lr=2.95535e-06 loss=0.5322 ce=0.1357 dice=0.1020 g=5.3378 l=0.3764 wg=0.000 wl=0.800 posfrac=0.2289
2025-09-14 15:24:43.871 | INFO     | __main__:main:612 - [LESION] Val Dice(lesion)=0.7588 | mIoU(2cls)=0.7457 | IoU_per_class=[0.8800, 0.6113] @ epoch 105
2025-09-14 15:24:43.871 | INFO     | __main__:main:615 - [LESION][Diag] IoU1=0.6113 | Prec1=0.7419 | Rec1=0.7763 | IoU1|pos=0.6113 | p(pos|lesion)=0.767 | p(pos|bg)=0.078 | lesion_imgs=486/972
2025-09-14 15:24:45.236 | INFO     | __main__:train_one_epoch_lesion:236 - [LESION] Epoch 106 Iter 0/70 lr=2.95432e-06 loss=0.4096 ce=0.0915 dice=0.0564 g=5.3469 l=0.3358 wg=0.000 wl=0.800 posfrac=0.3008
2025-09-14 15:25:08.640 | INFO     | __main__:train_one_epoch_lesion:236 - [LESION] Epoch 106 Iter 69/70 lr=2.88312e-06 loss=0.5252 ce=0.1342 dice=0.0964 g=5.3199 l=0.3776 wg=0.000 wl=0.800 posfrac=0.2328
2025-09-14 15:25:10.124 | INFO     | __main__:train_one_epoch_lesion:236 - [LESION] Epoch 107 Iter 0/70 lr=2.88208e-06 loss=0.4831 ce=0.1314 dice=0.0763 g=5.1986 l=0.3581 wg=0.000 wl=0.800 posfrac=0.3186
2025-09-14 15:25:32.091 | INFO     | __main__:train_one_epoch_lesion:236 - [LESION] Epoch 107 Iter 69/70 lr=2.81068e-06 loss=0.5329 ce=0.1458 dice=0.0983 g=5.3159 l=0.3729 wg=0.000 wl=0.800 posfrac=0.2465
2025-09-14 15:25:38.814 | INFO     | __main__:main:612 - [LESION] Val Dice(lesion)=0.7562 | mIoU(2cls)=0.7462 | IoU_per_class=[0.8843, 0.6080] @ epoch 107
2025-09-14 15:25:38.814 | INFO     | __main__:main:615 - [LESION][Diag] IoU1=0.6080 | Prec1=0.7688 | Rec1=0.7441 | IoU1|pos=0.6080 | p(pos|lesion)=0.736 | p(pos|bg)=0.066 | lesion_imgs=486/972
2025-09-14 15:25:40.423 | INFO     | __main__:train_one_epoch_lesion:236 - [LESION] Epoch 108 Iter 0/70 lr=2.80964e-06 loss=0.4072 ce=0.0732 dice=0.0486 g=5.3525 l=0.3628 wg=0.000 wl=0.800 posfrac=0.2599
2025-09-14 15:26:03.552 | INFO     | __main__:train_one_epoch_lesion:236 - [LESION] Epoch 108 Iter 69/70 lr=2.73803e-06 loss=0.5168 ce=0.1330 dice=0.0896 g=5.3390 l=0.3786 wg=0.000 wl=0.800 posfrac=0.2510
2025-09-14 15:26:04.957 | INFO     | __main__:train_one_epoch_lesion:236 - [LESION] Epoch 109 Iter 0/70 lr=2.73699e-06 loss=0.5405 ce=0.1093 dice=0.1137 g=5.3084 l=0.3958 wg=0.000 wl=0.800 posfrac=0.1429
2025-09-14 15:26:27.662 | INFO     | __main__:train_one_epoch_lesion:236 - [LESION] Epoch 109 Iter 69/70 lr=2.66517e-06 loss=0.5327 ce=0.1415 dice=0.0993 g=5.3255 l=0.3755 wg=0.000 wl=0.800 posfrac=0.2377
2025-09-14 15:26:34.672 | INFO     | __main__:main:612 - [LESION] Val Dice(lesion)=0.7564 | mIoU(2cls)=0.7461 | IoU_per_class=[0.8840, 0.6082] @ epoch 109
2025-09-14 15:26:34.673 | INFO     | __main__:main:615 - [LESION][Diag] IoU1=0.6082 | Prec1=0.7664 | Rec1=0.7466 | IoU1|pos=0.6082 | p(pos|lesion)=0.738 | p(pos|bg)=0.067 | lesion_imgs=486/972
2025-09-14 15:26:36.762 | INFO     | __main__:train_one_epoch_lesion:236 - [LESION] Epoch 110 Iter 0/70 lr=2.66413e-06 loss=0.4844 ce=0.0993 dice=0.0637 g=5.3391 l=0.4106 wg=0.000 wl=0.800 posfrac=0.2706
2025-09-14 15:26:58.627 | INFO     | __main__:train_one_epoch_lesion:236 - [LESION] Epoch 110 Iter 69/70 lr=2.59209e-06 loss=0.5491 ce=0.1489 dice=0.1060 g=5.3342 l=0.3786 wg=0.000 wl=0.800 posfrac=0.2392
2025-09-14 15:27:01.290 | INFO     | __main__:train_one_epoch_lesion:236 - [LESION] Epoch 111 Iter 0/70 lr=2.59104e-06 loss=0.5507 ce=0.1523 dice=0.1000 g=5.3826 l=0.3861 wg=0.000 wl=0.800 posfrac=0.2752
2025-09-14 15:27:24.418 | INFO     | __main__:train_one_epoch_lesion:236 - [LESION] Epoch 111 Iter 69/70 lr=2.51877e-06 loss=0.5240 ce=0.1367 dice=0.0975 g=5.3296 l=0.3721 wg=0.000 wl=0.800 posfrac=0.2350
2025-09-14 15:27:31.231 | INFO     | __main__:main:612 - [LESION] Val Dice(lesion)=0.7579 | mIoU(2cls)=0.7467 | IoU_per_class=[0.8833, 0.6101] @ epoch 111
2025-09-14 15:27:31.231 | INFO     | __main__:main:615 - [LESION][Diag] IoU1=0.6101 | Prec1=0.7607 | Rec1=0.7551 | IoU1|pos=0.6101 | p(pos|lesion)=0.746 | p(pos|bg)=0.070 | lesion_imgs=486/972
2025-09-14 15:27:33.203 | INFO     | __main__:train_one_epoch_lesion:236 - [LESION] Epoch 112 Iter 0/70 lr=2.51773e-06 loss=0.5176 ce=0.1444 dice=0.0928 g=5.2455 l=0.3633 wg=0.000 wl=0.800 posfrac=0.2992
2025-09-14 15:27:55.789 | INFO     | __main__:train_one_epoch_lesion:236 - [LESION] Epoch 112 Iter 69/70 lr=2.44522e-06 loss=0.5253 ce=0.1352 dice=0.0969 g=5.3302 l=0.3761 wg=0.000 wl=0.800 posfrac=0.2390
2025-09-14 15:27:57.475 | INFO     | __main__:train_one_epoch_lesion:236 - [LESION] Epoch 113 Iter 0/70 lr=2.44417e-06 loss=0.4862 ce=0.1240 dice=0.0803 g=5.2778 l=0.3633 wg=0.000 wl=0.800 posfrac=0.2775
2025-09-14 15:28:20.008 | INFO     | __main__:train_one_epoch_lesion:236 - [LESION] Epoch 113 Iter 69/70 lr=2.37143e-06 loss=0.5239 ce=0.1327 dice=0.0963 g=5.3412 l=0.3778 wg=0.000 wl=0.800 posfrac=0.2427
2025-09-14 15:28:26.824 | INFO     | __main__:main:612 - [LESION] Val Dice(lesion)=0.7578 | mIoU(2cls)=0.7471 | IoU_per_class=[0.8841, 0.6101] @ epoch 113
2025-09-14 15:28:26.825 | INFO     | __main__:main:615 - [LESION][Diag] IoU1=0.6101 | Prec1=0.7653 | Rec1=0.7505 | IoU1|pos=0.6101 | p(pos|lesion)=0.741 | p(pos|bg)=0.067 | lesion_imgs=486/972
2025-09-14 15:28:29.264 | INFO     | __main__:train_one_epoch_lesion:236 - [LESION] Epoch 114 Iter 0/70 lr=2.37037e-06 loss=0.4872 ce=0.1086 dice=0.0842 g=5.3182 l=0.3742 wg=0.000 wl=0.800 posfrac=0.2303
2025-09-14 15:28:51.231 | INFO     | __main__:train_one_epoch_lesion:236 - [LESION] Epoch 114 Iter 69/70 lr=2.29737e-06 loss=0.5240 ce=0.1383 dice=0.0962 g=5.3212 l=0.3724 wg=0.000 wl=0.800 posfrac=0.2463
2025-09-14 15:28:53.808 | INFO     | __main__:train_one_epoch_lesion:236 - [LESION] Epoch 115 Iter 0/70 lr=2.29631e-06 loss=0.5620 ce=0.2043 dice=0.0994 g=5.1897 l=0.3491 wg=0.000 wl=0.800 posfrac=0.2610
2025-09-14 15:29:16.165 | INFO     | __main__:train_one_epoch_lesion:236 - [LESION] Epoch 115 Iter 69/70 lr=2.22305e-06 loss=0.5253 ce=0.1357 dice=0.0966 g=5.3287 l=0.3760 wg=0.000 wl=0.800 posfrac=0.2474
2025-09-14 15:29:22.672 | INFO     | __main__:main:612 - [LESION] Val Dice(lesion)=0.7523 | mIoU(2cls)=0.7439 | IoU_per_class=[0.8848, 0.6029] @ epoch 115
2025-09-14 15:29:22.672 | INFO     | __main__:main:615 - [LESION][Diag] IoU1=0.6029 | Prec1=0.7781 | Rec1=0.7281 | IoU1|pos=0.6029 | p(pos|lesion)=0.720 | p(pos|bg)=0.061 | lesion_imgs=486/972
2025-09-14 15:29:24.608 | INFO     | __main__:train_one_epoch_lesion:236 - [LESION] Epoch 116 Iter 0/70 lr=2.22199e-06 loss=0.5994 ce=0.1840 dice=0.1158 g=5.3562 l=0.3916 wg=0.000 wl=0.800 posfrac=0.2836
2025-09-14 15:29:46.407 | INFO     | __main__:train_one_epoch_lesion:236 - [LESION] Epoch 116 Iter 69/70 lr=2.14846e-06 loss=0.5178 ce=0.1318 dice=0.0951 g=5.3372 l=0.3728 wg=0.000 wl=0.800 posfrac=0.2326
2025-09-14 15:29:48.535 | INFO     | __main__:train_one_epoch_lesion:236 - [LESION] Epoch 117 Iter 0/70 lr=2.14739e-06 loss=0.4346 ce=0.1153 dice=0.0606 g=5.3420 l=0.3370 wg=0.000 wl=0.800 posfrac=0.3318
2025-09-14 15:30:10.832 | INFO     | __main__:train_one_epoch_lesion:236 - [LESION] Epoch 117 Iter 69/70 lr=2.07357e-06 loss=0.5259 ce=0.1337 dice=0.0967 g=5.3154 l=0.3786 wg=0.000 wl=0.800 posfrac=0.2374
2025-09-14 15:30:17.451 | INFO     | __main__:main:612 - [LESION] Val Dice(lesion)=0.7595 | mIoU(2cls)=0.7470 | IoU_per_class=[0.8818, 0.6122] @ epoch 117
2025-09-14 15:30:17.451 | INFO     | __main__:main:615 - [LESION][Diag] IoU1=0.6122 | Prec1=0.7502 | Rec1=0.7689 | IoU1|pos=0.6122 | p(pos|lesion)=0.760 | p(pos|bg)=0.074 | lesion_imgs=486/972
2025-09-14 15:30:19.116 | INFO     | __main__:train_one_epoch_lesion:236 - [LESION] Epoch 118 Iter 0/70 lr=2.07250e-06 loss=0.5163 ce=0.1347 dice=0.0855 g=5.4260 l=0.3823 wg=0.000 wl=0.800 posfrac=0.2795
2025-09-14 15:30:41.783 | INFO     | __main__:train_one_epoch_lesion:236 - [LESION] Epoch 118 Iter 69/70 lr=1.99838e-06 loss=0.5287 ce=0.1396 dice=0.0984 g=5.3372 l=0.3737 wg=0.000 wl=0.800 posfrac=0.2463
2025-09-14 15:30:43.717 | INFO     | __main__:train_one_epoch_lesion:236 - [LESION] Epoch 119 Iter 0/70 lr=1.99731e-06 loss=0.4609 ce=0.0865 dice=0.0736 g=5.2995 l=0.3793 wg=0.000 wl=0.800 posfrac=0.2123
2025-09-14 15:31:06.862 | INFO     | __main__:train_one_epoch_lesion:236 - [LESION] Epoch 119 Iter 69/70 lr=1.92288e-06 loss=0.5247 ce=0.1376 dice=0.0990 g=5.3251 l=0.3697 wg=0.000 wl=0.800 posfrac=0.2320
2025-09-14 15:31:14.513 | INFO     | __main__:main:612 - [LESION] Val Dice(lesion)=0.7607 | mIoU(2cls)=0.7483 | IoU_per_class=[0.8827, 0.6139] @ epoch 119
2025-09-14 15:31:14.514 | INFO     | __main__:main:615 - [LESION][Diag] IoU1=0.6139 | Prec1=0.7528 | Rec1=0.7689 | IoU1|pos=0.6139 | p(pos|lesion)=0.760 | p(pos|bg)=0.073 | lesion_imgs=486/972
2025-09-14 15:31:16.510 | INFO     | __main__:train_one_epoch_lesion:236 - [LESION] Epoch 120 Iter 0/70 lr=1.92180e-06 loss=0.4878 ce=0.1085 dice=0.0743 g=5.4144 l=0.3899 wg=0.000 wl=0.800 posfrac=0.2440
2025-09-14 15:31:40.112 | INFO     | __main__:train_one_epoch_lesion:236 - [LESION] Epoch 120 Iter 69/70 lr=1.84705e-06 loss=0.5203 ce=0.1314 dice=0.0950 g=5.3292 l=0.3765 wg=0.000 wl=0.800 posfrac=0.2437
2025-09-14 15:31:42.187 | INFO     | __main__:train_one_epoch_lesion:236 - [LESION] Epoch 121 Iter 0/70 lr=1.84596e-06 loss=0.5538 ce=0.1318 dice=0.1111 g=5.2656 l=0.3937 wg=0.000 wl=0.800 posfrac=0.1981
2025-09-14 15:32:04.663 | INFO     | __main__:train_one_epoch_lesion:236 - [LESION] Epoch 121 Iter 69/70 lr=1.77086e-06 loss=0.5140 ce=0.1306 dice=0.0924 g=5.3228 l=0.3734 wg=0.000 wl=0.800 posfrac=0.2350
2025-09-14 15:32:11.473 | INFO     | __main__:main:612 - [LESION] Val Dice(lesion)=0.7588 | mIoU(2cls)=0.7475 | IoU_per_class=[0.8835, 0.6114] @ epoch 121
2025-09-14 15:32:11.473 | INFO     | __main__:main:615 - [LESION][Diag] IoU1=0.6114 | Prec1=0.7602 | Rec1=0.7575 | IoU1|pos=0.6114 | p(pos|lesion)=0.747 | p(pos|bg)=0.069 | lesion_imgs=486/972
2025-09-14 15:32:13.368 | INFO     | __main__:train_one_epoch_lesion:236 - [LESION] Epoch 122 Iter 0/70 lr=1.76977e-06 loss=0.4147 ce=0.0851 dice=0.0673 g=5.2545 l=0.3323 wg=0.000 wl=0.800 posfrac=0.1916
2025-09-14 15:32:37.152 | INFO     | __main__:train_one_epoch_lesion:236 - [LESION] Epoch 122 Iter 69/70 lr=1.69432e-06 loss=0.5266 ce=0.1370 dice=0.0969 g=5.3319 l=0.3758 wg=0.000 wl=0.800 posfrac=0.2457
2025-09-14 15:32:38.716 | INFO     | __main__:train_one_epoch_lesion:236 - [LESION] Epoch 123 Iter 0/70 lr=1.69322e-06 loss=0.6397 ce=0.1743 dice=0.1498 g=5.4349 l=0.4007 wg=0.000 wl=0.800 posfrac=0.1620
2025-09-14 15:33:00.526 | INFO     | __main__:train_one_epoch_lesion:236 - [LESION] Epoch 123 Iter 69/70 lr=1.61738e-06 loss=0.5323 ce=0.1397 dice=0.1007 g=5.3288 l=0.3746 wg=0.000 wl=0.800 posfrac=0.2354
2025-09-14 15:33:07.427 | INFO     | __main__:main:612 - [LESION] Val Dice(lesion)=0.7582 | mIoU(2cls)=0.7466 | IoU_per_class=[0.8827, 0.6106] @ epoch 123
2025-09-14 15:33:07.427 | INFO     | __main__:main:615 - [LESION][Diag] IoU1=0.6106 | Prec1=0.7567 | Rec1=0.7597 | IoU1|pos=0.6106 | p(pos|lesion)=0.751 | p(pos|bg)=0.071 | lesion_imgs=486/972
2025-09-14 15:33:10.070 | INFO     | __main__:train_one_epoch_lesion:236 - [LESION] Epoch 124 Iter 0/70 lr=1.61628e-06 loss=0.5931 ce=0.1725 dice=0.1158 g=5.3586 l=0.3951 wg=0.000 wl=0.800 posfrac=0.2251
2025-09-14 15:33:32.308 | INFO     | __main__:train_one_epoch_lesion:236 - [LESION] Epoch 124 Iter 69/70 lr=1.54004e-06 loss=0.5167 ce=0.1323 dice=0.0944 g=5.3215 l=0.3719 wg=0.000 wl=0.800 posfrac=0.2410
2025-09-14 15:33:33.591 | INFO     | __main__:train_one_epoch_lesion:236 - [LESION] Epoch 125 Iter 0/70 lr=1.53893e-06 loss=0.4359 ce=0.1124 dice=0.0597 g=5.2297 l=0.3429 wg=0.000 wl=0.800 posfrac=0.4340
2025-09-14 15:33:56.277 | INFO     | __main__:train_one_epoch_lesion:236 - [LESION] Epoch 125 Iter 69/70 lr=1.46226e-06 loss=0.5256 ce=0.1344 dice=0.0976 g=5.3202 l=0.3763 wg=0.000 wl=0.800 posfrac=0.2375
2025-09-14 15:34:02.961 | INFO     | __main__:main:612 - [LESION] Val Dice(lesion)=0.7552 | mIoU(2cls)=0.7447 | IoU_per_class=[0.8828, 0.6067] @ epoch 125
2025-09-14 15:34:02.961 | INFO     | __main__:main:615 - [LESION][Diag] IoU1=0.6067 | Prec1=0.7614 | Rec1=0.7491 | IoU1|pos=0.6067 | p(pos|lesion)=0.741 | p(pos|bg)=0.069 | lesion_imgs=486/972
2025-09-14 15:34:04.641 | INFO     | __main__:train_one_epoch_lesion:236 - [LESION] Epoch 126 Iter 0/70 lr=1.46115e-06 loss=0.5191 ce=0.1186 dice=0.0869 g=5.3415 l=0.3999 wg=0.000 wl=0.800 posfrac=0.1980
2025-09-14 15:34:27.403 | INFO     | __main__:train_one_epoch_lesion:236 - [LESION] Epoch 126 Iter 69/70 lr=1.38402e-06 loss=0.5184 ce=0.1335 dice=0.0948 g=5.3135 l=0.3724 wg=0.000 wl=0.800 posfrac=0.2451
2025-09-14 15:34:28.974 | INFO     | __main__:train_one_epoch_lesion:236 - [LESION] Epoch 127 Iter 0/70 lr=1.38290e-06 loss=0.4997 ce=0.0958 dice=0.0978 g=5.5966 l=0.3821 wg=0.000 wl=0.800 posfrac=0.1345
2025-09-14 15:34:51.869 | INFO     | __main__:train_one_epoch_lesion:236 - [LESION] Epoch 127 Iter 69/70 lr=1.30529e-06 loss=0.5055 ce=0.1273 dice=0.0930 g=5.3264 l=0.3650 wg=0.000 wl=0.800 posfrac=0.2311
2025-09-14 15:34:58.616 | INFO     | __main__:main:612 - [LESION] Val Dice(lesion)=0.7569 | mIoU(2cls)=0.7461 | IoU_per_class=[0.8833, 0.6089] @ epoch 127
2025-09-14 15:34:58.616 | INFO     | __main__:main:615 - [LESION][Diag] IoU1=0.6089 | Prec1=0.7618 | Rec1=0.7520 | IoU1|pos=0.6089 | p(pos|lesion)=0.743 | p(pos|bg)=0.068 | lesion_imgs=486/972
2025-09-14 15:35:00.058 | INFO     | __main__:train_one_epoch_lesion:236 - [LESION] Epoch 128 Iter 0/70 lr=1.30416e-06 loss=0.4706 ce=0.1195 dice=0.0791 g=5.2792 l=0.3502 wg=0.000 wl=0.800 posfrac=0.2514
2025-09-14 15:35:23.227 | INFO     | __main__:train_one_epoch_lesion:236 - [LESION] Epoch 128 Iter 69/70 lr=1.22602e-06 loss=0.5099 ce=0.1259 dice=0.0964 g=5.3266 l=0.3669 wg=0.000 wl=0.800 posfrac=0.2290
2025-09-14 15:35:25.122 | INFO     | __main__:train_one_epoch_lesion:236 - [LESION] Epoch 129 Iter 0/70 lr=1.22488e-06 loss=0.4168 ce=0.0895 dice=0.0532 g=5.2822 l=0.3517 wg=0.000 wl=0.800 posfrac=0.2635
2025-09-14 15:35:47.955 | INFO     | __main__:train_one_epoch_lesion:236 - [LESION] Epoch 129 Iter 69/70 lr=1.14618e-06 loss=0.5154 ce=0.1308 dice=0.0951 g=5.3291 l=0.3708 wg=0.000 wl=0.800 posfrac=0.2269
2025-09-14 15:35:55.119 | INFO     | __main__:main:612 - [LESION] Val Dice(lesion)=0.7594 | mIoU(2cls)=0.7477 | IoU_per_class=[0.8833, 0.6122] @ epoch 129
2025-09-14 15:35:55.119 | INFO     | __main__:main:615 - [LESION][Diag] IoU1=0.6122 | Prec1=0.7580 | Rec1=0.7609 | IoU1|pos=0.6122 | p(pos|lesion)=0.753 | p(pos|bg)=0.071 | lesion_imgs=486/972
2025-09-14 15:35:56.679 | INFO     | __main__:train_one_epoch_lesion:236 - [LESION] Epoch 130 Iter 0/70 lr=1.14503e-06 loss=0.6294 ce=0.1875 dice=0.1542 g=5.1950 l=0.3679 wg=0.000 wl=0.800 posfrac=0.1652
2025-09-14 15:36:18.804 | INFO     | __main__:train_one_epoch_lesion:236 - [LESION] Epoch 130 Iter 69/70 lr=1.06571e-06 loss=0.5143 ce=0.1350 dice=0.0938 g=5.3232 l=0.3672 wg=0.000 wl=0.800 posfrac=0.2471
2025-09-14 15:36:20.158 | INFO     | __main__:train_one_epoch_lesion:236 - [LESION] Epoch 131 Iter 0/70 lr=1.06456e-06 loss=0.5483 ce=0.1903 dice=0.0982 g=5.1519 l=0.3479 wg=0.000 wl=0.800 posfrac=0.3173
2025-09-14 15:36:43.014 | INFO     | __main__:train_one_epoch_lesion:236 - [LESION] Epoch 131 Iter 69/70 lr=9.84569e-07 loss=0.5066 ce=0.1284 dice=0.0926 g=5.3249 l=0.3660 wg=0.000 wl=0.800 posfrac=0.2370
2025-09-14 15:36:49.783 | INFO     | __main__:main:612 - [LESION] Val Dice(lesion)=0.7567 | mIoU(2cls)=0.7463 | IoU_per_class=[0.8840, 0.6086] @ epoch 131
2025-09-14 15:36:49.783 | INFO     | __main__:main:615 - [LESION][Diag] IoU1=0.6086 | Prec1=0.7662 | Rec1=0.7475 | IoU1|pos=0.6086 | p(pos|lesion)=0.740 | p(pos|bg)=0.067 | lesion_imgs=486/972
2025-09-14 15:36:51.433 | INFO     | __main__:train_one_epoch_lesion:236 - [LESION] Epoch 132 Iter 0/70 lr=9.83405e-07 loss=0.5137 ce=0.1295 dice=0.0898 g=5.3515 l=0.3778 wg=0.000 wl=0.800 posfrac=0.2411
2025-09-14 15:37:13.989 | INFO     | __main__:train_one_epoch_lesion:236 - [LESION] Epoch 132 Iter 69/70 lr=9.02673e-07 loss=0.5096 ce=0.1301 dice=0.0923 g=5.3213 l=0.3685 wg=0.000 wl=0.800 posfrac=0.2407
2025-09-14 15:37:15.743 | INFO     | __main__:train_one_epoch_lesion:236 - [LESION] Epoch 133 Iter 0/70 lr=9.01497e-07 loss=0.4832 ce=0.0796 dice=0.0977 g=5.3528 l=0.3779 wg=0.000 wl=0.800 posfrac=0.1318
2025-09-14 15:37:38.016 | INFO     | __main__:train_one_epoch_lesion:236 - [LESION] Epoch 133 Iter 69/70 lr=8.19941e-07 loss=0.5070 ce=0.1290 dice=0.0938 g=5.3174 l=0.3641 wg=0.000 wl=0.800 posfrac=0.2394
2025-09-14 15:37:45.019 | INFO     | __main__:main:612 - [LESION] Val Dice(lesion)=0.7559 | mIoU(2cls)=0.7461 | IoU_per_class=[0.8845, 0.6076] @ epoch 133
2025-09-14 15:37:45.019 | INFO     | __main__:main:615 - [LESION][Diag] IoU1=0.6076 | Prec1=0.7702 | Rec1=0.7421 | IoU1|pos=0.6076 | p(pos|lesion)=0.734 | p(pos|bg)=0.064 | lesion_imgs=486/972
2025-09-14 15:37:47.889 | INFO     | __main__:train_one_epoch_lesion:236 - [LESION] Epoch 134 Iter 0/70 lr=8.18752e-07 loss=0.5857 ce=0.1303 dice=0.1000 g=5.4045 l=0.4518 wg=0.000 wl=0.800 posfrac=0.2093
2025-09-14 15:38:10.789 | INFO     | __main__:train_one_epoch_lesion:236 - [LESION] Epoch 134 Iter 69/70 lr=7.36269e-07 loss=0.5105 ce=0.1255 dice=0.0922 g=5.3254 l=0.3743 wg=0.000 wl=0.800 posfrac=0.2346
2025-09-14 15:38:13.371 | INFO     | __main__:train_one_epoch_lesion:236 - [LESION] Epoch 135 Iter 0/70 lr=7.35066e-07 loss=0.4273 ce=0.0880 dice=0.0547 g=5.4124 l=0.3641 wg=0.000 wl=0.800 posfrac=0.2744
2025-09-14 15:38:35.542 | INFO     | __main__:train_one_epoch_lesion:236 - [LESION] Epoch 135 Iter 69/70 lr=6.51524e-07 loss=0.5145 ce=0.1351 dice=0.0928 g=5.3237 l=0.3689 wg=0.000 wl=0.800 posfrac=0.2471
2025-09-14 15:38:42.699 | INFO     | __main__:main:612 - [LESION] Val Dice(lesion)=0.7543 | mIoU(2cls)=0.7450 | IoU_per_class=[0.8845, 0.6055] @ epoch 135
2025-09-14 15:38:42.699 | INFO     | __main__:main:615 - [LESION][Diag] IoU1=0.6055 | Prec1=0.7731 | Rec1=0.7364 | IoU1|pos=0.6055 | p(pos|lesion)=0.728 | p(pos|bg)=0.063 | lesion_imgs=486/972
2025-09-14 15:38:44.658 | INFO     | __main__:train_one_epoch_lesion:236 - [LESION] Epoch 136 Iter 0/70 lr=6.50305e-07 loss=0.5585 ce=0.1776 dice=0.0986 g=5.4165 l=0.3726 wg=0.000 wl=0.800 posfrac=0.3131
2025-09-14 15:39:06.844 | INFO     | __main__:train_one_epoch_lesion:236 - [LESION] Epoch 136 Iter 69/70 lr=5.65533e-07 loss=0.5040 ce=0.1320 dice=0.0912 g=5.3218 l=0.3612 wg=0.000 wl=0.800 posfrac=0.2487
2025-09-14 15:39:08.815 | INFO     | __main__:train_one_epoch_lesion:236 - [LESION] Epoch 137 Iter 0/70 lr=5.64294e-07 loss=0.5525 ce=0.1187 dice=0.1369 g=5.4076 l=0.3667 wg=0.000 wl=0.800 posfrac=0.1213
